<?xml version="1.0" encoding="UTF-8" ?>
<testsuite errors="0" failures="0" hostname="ISS204646" name="com.burritopos.business.test.BurritoManagerTestCase" skipped="0" tests="3" time="3.007" timestamp="2013-07-25T14:03:05">
  <properties>
[...]
</properties>
  <testcase classname="com.burritopos.business.test.BurritoManagerTestCase" name="testCreateBurrito" time="2.908" />
  <testcase classname="com.burritopos.business.test.BurritoManagerTestCase" name="testUpdateBurrito" time="0.025" />
  <testcase classname="com.burritopos.business.test.BurritoManagerTestCase" name="testCalculatePrice" time="0.029" />
  <system-out><![CDATA[2013-07-25 18:33:05,900 [main] TRACE org.springframework.test.context.TestContextManager- prepareTestInstance(): instance [com.burritopos.business.test.BurritoManagerTestCase@6c3e9c6b]
2013-07-25 18:33:05,901 [main] DEBUG org.springframework.test.context.support.DependencyInjectionTestExecutionListener- Performing dependency injection for test context [[TestContext@28f6c52 testClass = BurritoManagerTestCase, testInstance = com.burritopos.business.test.BurritoManagerTestCase@6c3e9c6b, testMethod = [null], testException = [null], mergedContextConfiguration = [MergedContextConfiguration@16107cce testClass = BurritoManagerTestCase, locations = '{classpath:applicationContext.xml}', classes = '{}', contextInitializerClasses = '[]', activeProfiles = '{}', contextLoader = 'org.springframework.test.context.support.DelegatingSmartContextLoader', parent = [null]]]].
2013-07-25 18:33:05,901 [main] DEBUG org.springframework.test.context.support.AbstractDelegatingSmartContextLoader- Delegating to GenericXmlContextLoader to load context from [MergedContextConfiguration@16107cce testClass = BurritoManagerTestCase, locations = '{classpath:applicationContext.xml}', classes = '{}', contextInitializerClasses = '[]', activeProfiles = '{}', contextLoader = 'org.springframework.test.context.support.DelegatingSmartContextLoader', parent = [null]].
2013-07-25 18:33:05,902 [main] DEBUG org.springframework.test.context.support.AbstractGenericContextLoader- Loading ApplicationContext for merged context configuration [[MergedContextConfiguration@16107cce testClass = BurritoManagerTestCase, locations = '{classpath:applicationContext.xml}', classes = '{}', contextInitializerClasses = '[]', activeProfiles = '{}', contextLoader = 'org.springframework.test.context.support.DelegatingSmartContextLoader', parent = [null]]].
2013-07-25 18:33:05,977 [main] DEBUG org.springframework.core.env.StandardEnvironment- Initializing new StandardEnvironment
2013-07-25 18:33:05,979 [main] DEBUG org.springframework.core.env.StandardEnvironment- Adding [systemProperties] PropertySource with lowest search precedence
2013-07-25 18:33:05,980 [main] DEBUG org.springframework.core.env.StandardEnvironment- Adding [systemEnvironment] PropertySource with lowest search precedence
2013-07-25 18:33:05,981 [main] DEBUG org.springframework.core.env.StandardEnvironment- Initialized StandardEnvironment with PropertySources [systemProperties,systemEnvironment]
2013-07-25 18:33:05,985 [main] DEBUG org.springframework.core.env.StandardEnvironment- Initializing new StandardEnvironment
2013-07-25 18:33:05,985 [main] DEBUG org.springframework.core.env.StandardEnvironment- Adding [systemProperties] PropertySource with lowest search precedence
2013-07-25 18:33:05,986 [main] DEBUG org.springframework.core.env.StandardEnvironment- Adding [systemEnvironment] PropertySource with lowest search precedence
2013-07-25 18:33:05,986 [main] DEBUG org.springframework.core.env.StandardEnvironment- Initialized StandardEnvironment with PropertySources [systemProperties,systemEnvironment]
2013-07-25 18:33:05,993 [main] INFO  org.springframework.beans.factory.xml.XmlBeanDefinitionReader- Loading XML bean definitions from class path resource [applicationContext.xml]
2013-07-25 18:33:05,996 [main] DEBUG org.springframework.beans.factory.xml.DefaultDocumentLoader- Using JAXP provider [com.sun.org.apache.xerces.internal.jaxp.DocumentBuilderFactoryImpl]
2013-07-25 18:33:06,016 [main] TRACE org.springframework.beans.factory.xml.PluggableSchemaResolver- Trying to resolve XML entity with public id [null] and system id [http://www.springframework.org/schema/beans/spring-beans-3.1.xsd]
2013-07-25 18:33:06,016 [main] DEBUG org.springframework.beans.factory.xml.PluggableSchemaResolver- Loading schema mappings from [META-INF/spring.schemas]
2013-07-25 18:33:06,020 [main] DEBUG org.springframework.beans.factory.xml.PluggableSchemaResolver- Loaded schema mappings: {http://www.springframework.org/schema/util/spring-util.xsd=org/springframework/beans/factory/xml/spring-util-3.2.xsd, http://www.springframework.org/schema/jee/spring-jee-3.2.xsd=org/springframework/ejb/config/spring-jee-3.2.xsd, http://www.springframework.org/schema/task/spring-task.xsd=org/springframework/scheduling/config/spring-task-3.2.xsd, http://www.springframework.org/schema/beans/spring-beans-3.1.xsd=org/springframework/beans/factory/xml/spring-beans-3.1.xsd, http://www.springframework.org/schema/cache/spring-cache.xsd=org/springframework/cache/config/spring-cache-3.2.xsd, http://www.springframework.org/schema/aop/spring-aop-3.0.xsd=org/springframework/aop/config/spring-aop-3.0.xsd, http://www.springframework.org/schema/task/spring-task-3.1.xsd=org/springframework/scheduling/config/spring-task-3.1.xsd, http://www.springframework.org/schema/aop/spring-aop-2.0.xsd=org/springframework/aop/config/spring-aop-2.0.xsd, http://www.springframework.org/schema/tool/spring-tool-2.5.xsd=org/springframework/beans/factory/xml/spring-tool-2.5.xsd, http://www.springframework.org/schema/beans/spring-beans.xsd=org/springframework/beans/factory/xml/spring-beans-3.2.xsd, http://www.springframework.org/schema/jee/spring-jee-2.5.xsd=org/springframework/ejb/config/spring-jee-2.5.xsd, http://www.springframework.org/schema/jdbc/spring-jdbc-3.1.xsd=org/springframework/jdbc/config/spring-jdbc-3.1.xsd, http://www.springframework.org/schema/tool/spring-tool-3.1.xsd=org/springframework/beans/factory/xml/spring-tool-3.1.xsd, http://www.springframework.org/schema/jee/spring-jee-3.1.xsd=org/springframework/ejb/config/spring-jee-3.1.xsd, http://www.springframework.org/schema/aop/spring-aop.xsd=org/springframework/aop/config/spring-aop-3.2.xsd, http://www.springframework.org/schema/tx/spring-tx-3.2.xsd=org/springframework/transaction/config/spring-tx-3.2.xsd, http://www.springframework.org/schema/context/spring-context-3.2.xsd=org/springframework/context/config/spring-context-3.2.xsd, http://www.springframework.org/schema/beans/spring-beans-2.0.xsd=org/springframework/beans/factory/xml/spring-beans-2.0.xsd, http://www.springframework.org/schema/util/spring-util-3.2.xsd=org/springframework/beans/factory/xml/spring-util-3.2.xsd, http://www.springframework.org/schema/lang/spring-lang-3.2.xsd=org/springframework/scripting/config/spring-lang-3.2.xsd, http://www.springframework.org/schema/beans/spring-beans-3.0.xsd=org/springframework/beans/factory/xml/spring-beans-3.0.xsd, http://www.springframework.org/schema/cache/spring-cache-3.2.xsd=org/springframework/cache/config/spring-cache-3.2.xsd, http://www.springframework.org/schema/task/spring-task-3.0.xsd=org/springframework/scheduling/config/spring-task-3.0.xsd, http://www.springframework.org/schema/tx/spring-tx-2.5.xsd=org/springframework/transaction/config/spring-tx-2.5.xsd, http://www.springframework.org/schema/context/spring-context-2.5.xsd=org/springframework/context/config/spring-context-2.5.xsd, http://www.springframework.org/schema/jdbc/spring-jdbc-3.0.xsd=org/springframework/jdbc/config/spring-jdbc-3.0.xsd, http://www.springframework.org/schema/tool/spring-tool-3.0.xsd=org/springframework/beans/factory/xml/spring-tool-3.0.xsd, http://www.springframework.org/schema/tx/spring-tx.xsd=org/springframework/transaction/config/spring-tx-3.2.xsd, http://www.springframework.org/schema/lang/spring-lang.xsd=org/springframework/scripting/config/spring-lang-3.2.xsd, http://www.springframework.org/schema/tool/spring-tool-2.0.xsd=org/springframework/beans/factory/xml/spring-tool-2.0.xsd, http://www.springframework.org/schema/util/spring-util-2.5.xsd=org/springframework/beans/factory/xml/spring-util-2.5.xsd, http://www.springframework.org/schema/lang/spring-lang-2.5.xsd=org/springframework/scripting/config/spring-lang-2.5.xsd, http://www.springframework.org/schema/aop/spring-aop-3.2.xsd=org/springframework/aop/config/spring-aop-3.2.xsd, http://www.springframework.org/schema/jee/spring-jee-3.0.xsd=org/springframework/ejb/config/spring-jee-3.0.xsd, http://www.springframework.org/schema/tx/spring-tx-3.1.xsd=org/springframework/transaction/config/spring-tx-3.1.xsd, http://www.springframework.org/schema/jee/spring-jee-2.0.xsd=org/springframework/ejb/config/spring-jee-2.0.xsd, http://www.springframework.org/schema/context/spring-context-3.1.xsd=org/springframework/context/config/spring-context-3.1.xsd, http://www.springframework.org/schema/util/spring-util-3.1.xsd=org/springframework/beans/factory/xml/spring-util-3.1.xsd, http://www.springframework.org/schema/lang/spring-lang-3.1.xsd=org/springframework/scripting/config/spring-lang-3.1.xsd, http://www.springframework.org/schema/cache/spring-cache-3.1.xsd=org/springframework/cache/config/spring-cache-3.1.xsd, http://www.springframework.org/schema/context/spring-context.xsd=org/springframework/context/config/spring-context-3.2.xsd, http://www.springframework.org/schema/jee/spring-jee.xsd=org/springframework/ejb/config/spring-jee-3.2.xsd, http://www.springframework.org/schema/aop/spring-aop-2.5.xsd=org/springframework/aop/config/spring-aop-2.5.xsd, http://www.springframework.org/schema/jdbc/spring-jdbc.xsd=org/springframework/jdbc/config/spring-jdbc-3.2.xsd, http://www.springframework.org/schema/beans/spring-beans-3.2.xsd=org/springframework/beans/factory/xml/spring-beans-3.2.xsd, http://www.springframework.org/schema/tx/spring-tx-2.0.xsd=org/springframework/transaction/config/spring-tx-2.0.xsd, http://www.springframework.org/schema/aop/spring-aop-3.1.xsd=org/springframework/aop/config/spring-aop-3.1.xsd, http://www.springframework.org/schema/task/spring-task-3.2.xsd=org/springframework/scheduling/config/spring-task-3.2.xsd, http://www.springframework.org/schema/tx/spring-tx-3.0.xsd=org/springframework/transaction/config/spring-tx-3.0.xsd, http://www.springframework.org/schema/context/spring-context-3.0.xsd=org/springframework/context/config/spring-context-3.0.xsd, http://www.springframework.org/schema/tool/spring-tool.xsd=org/springframework/beans/factory/xml/spring-tool-3.2.xsd, http://www.springframework.org/schema/util/spring-util-3.0.xsd=org/springframework/beans/factory/xml/spring-util-3.0.xsd, http://www.springframework.org/schema/lang/spring-lang-3.0.xsd=org/springframework/scripting/config/spring-lang-3.0.xsd, http://www.springframework.org/schema/util/spring-util-2.0.xsd=org/springframework/beans/factory/xml/spring-util-2.0.xsd, http://www.springframework.org/schema/lang/spring-lang-2.0.xsd=org/springframework/scripting/config/spring-lang-2.0.xsd, http://www.springframework.org/schema/jdbc/spring-jdbc-3.2.xsd=org/springframework/jdbc/config/spring-jdbc-3.2.xsd, http://www.springframework.org/schema/tool/spring-tool-3.2.xsd=org/springframework/beans/factory/xml/spring-tool-3.2.xsd, http://www.springframework.org/schema/beans/spring-beans-2.5.xsd=org/springframework/beans/factory/xml/spring-beans-2.5.xsd}
2013-07-25 18:33:06,021 [main] DEBUG org.springframework.beans.factory.xml.PluggableSchemaResolver- Found XML schema [http://www.springframework.org/schema/beans/spring-beans-3.1.xsd] in classpath: org/springframework/beans/factory/xml/spring-beans-3.1.xsd
2013-07-25 18:33:06,061 [main] TRACE org.springframework.beans.factory.xml.PluggableSchemaResolver- Trying to resolve XML entity with public id [null] and system id [http://www.springframework.org/schema/context/spring-context-3.1.xsd]
2013-07-25 18:33:06,061 [main] DEBUG org.springframework.beans.factory.xml.PluggableSchemaResolver- Found XML schema [http://www.springframework.org/schema/context/spring-context-3.1.xsd] in classpath: org/springframework/context/config/spring-context-3.1.xsd
2013-07-25 18:33:06,068 [main] TRACE org.springframework.beans.factory.xml.PluggableSchemaResolver- Trying to resolve XML entity with public id [null] and system id [http://www.springframework.org/schema/tool/spring-tool-3.1.xsd]
2013-07-25 18:33:06,068 [main] DEBUG org.springframework.beans.factory.xml.PluggableSchemaResolver- Found XML schema [http://www.springframework.org/schema/tool/spring-tool-3.1.xsd] in classpath: org/springframework/beans/factory/xml/spring-tool-3.1.xsd
2013-07-25 18:33:06,085 [main] DEBUG org.springframework.beans.factory.xml.DefaultBeanDefinitionDocumentReader- Loading bean definitions
2013-07-25 18:33:06,099 [main] DEBUG org.springframework.beans.factory.xml.DefaultNamespaceHandlerResolver- Loaded NamespaceHandler mappings: {http://www.springframework.org/schema/p=org.springframework.beans.factory.xml.SimplePropertyNamespaceHandler, http://www.springframework.org/schema/util=org.springframework.beans.factory.xml.UtilNamespaceHandler, http://www.springframework.org/schema/jee=org.springframework.ejb.config.JeeNamespaceHandler, http://www.springframework.org/schema/aop=org.springframework.aop.config.AopNamespaceHandler, http://www.springframework.org/schema/jdbc=org.springframework.jdbc.config.JdbcNamespaceHandler, http://www.springframework.org/schema/cache=org.springframework.cache.config.CacheNamespaceHandler, http://www.springframework.org/schema/c=org.springframework.beans.factory.xml.SimpleConstructorNamespaceHandler, http://www.springframework.org/schema/tx=org.springframework.transaction.config.TxNamespaceHandler, http://www.springframework.org/schema/task=org.springframework.scheduling.config.TaskNamespaceHandler, http://www.springframework.org/schema/lang=org.springframework.scripting.config.LangNamespaceHandler, http://www.springframework.org/schema/context=org.springframework.context.config.ContextNamespaceHandler}
2013-07-25 18:33:06,131 [main] DEBUG org.springframework.beans.factory.xml.XmlBeanDefinitionReader- Loaded 26 bean definitions from location pattern [classpath:applicationContext.xml]
2013-07-25 18:33:06,133 [main] INFO  org.springframework.context.support.GenericApplicationContext- Refreshing org.springframework.context.support.GenericApplicationContext@380db6a: startup date [Thu Jul 25 18:33:06 AFT 2013]; root of context hierarchy
2013-07-25 18:33:06,134 [main] DEBUG org.springframework.context.support.GenericApplicationContext- Bean factory for org.springframework.context.support.GenericApplicationContext@380db6a: org.springframework.beans.factory.support.DefaultListableBeanFactory@372b7e8c: defining beans [org.springframework.context.annotation.internalConfigurationAnnotationProcessor,org.springframework.context.annotation.internalAutowiredAnnotationProcessor,org.springframework.context.annotation.internalRequiredAnnotationProcessor,org.springframework.context.annotation.internalCommonAnnotationProcessor,org.springframework.context.support.PropertySourcesPlaceholderConfigurer#0,burritoposServerIP,burritoposServerPort,burritoManager,inventoryManager,orderManager,authSvc,burritoSvc,customerSvc,employeeSvc,inventorySvc,managerSvc,orderSvc,burritoManagerTestCase,inventoryManagerTestCase,orderManagerTestCase,burritoSvcTestCase,customerSvcTestCase,employeeSvcTestCase,inventorySvcTestCase,managerSvcTestCase,orderSvcTestCase]; root of factory hierarchy
2013-07-25 18:33:06,155 [main] DEBUG org.springframework.beans.factory.support.DefaultListableBeanFactory- Creating shared instance of singleton bean 'org.springframework.context.annotation.internalConfigurationAnnotationProcessor'
2013-07-25 18:33:06,155 [main] DEBUG org.springframework.beans.factory.support.DefaultListableBeanFactory- Creating instance of bean 'org.springframework.context.annotation.internalConfigurationAnnotationProcessor'
2013-07-25 18:33:06,172 [main] DEBUG org.springframework.beans.factory.support.DefaultListableBeanFactory- Eagerly caching bean 'org.springframework.context.annotation.internalConfigurationAnnotationProcessor' to allow for resolving potential circular references
2013-07-25 18:33:06,175 [main] DEBUG org.springframework.beans.factory.support.DefaultListableBeanFactory- Finished creating instance of bean 'org.springframework.context.annotation.internalConfigurationAnnotationProcessor'
2013-07-25 18:33:06,226 [main] DEBUG org.springframework.beans.factory.support.DefaultListableBeanFactory- Creating shared instance of singleton bean 'org.springframework.context.support.PropertySourcesPlaceholderConfigurer#0'
2013-07-25 18:33:06,226 [main] DEBUG org.springframework.beans.factory.support.DefaultListableBeanFactory- Creating instance of bean 'org.springframework.context.support.PropertySourcesPlaceholderConfigurer#0'
2013-07-25 18:33:06,228 [main] DEBUG org.springframework.beans.factory.support.DefaultListableBeanFactory- Eagerly caching bean 'org.springframework.context.support.PropertySourcesPlaceholderConfigurer#0' to allow for resolving potential circular references
2013-07-25 18:33:06,236 [main] TRACE org.springframework.core.io.support.SpringFactoriesLoader- Loaded [org.springframework.beans.BeanInfoFactory] names: [org.springframework.beans.ExtendedBeanInfoFactory]
2013-07-25 18:33:06,237 [main] TRACE org.springframework.beans.CachedIntrospectionResults- Getting BeanInfo for class [org.springframework.context.support.PropertySourcesPlaceholderConfigurer]
2013-07-25 18:33:06,259 [main] TRACE org.springframework.beans.CachedIntrospectionResults- Caching PropertyDescriptors for class [org.springframework.context.support.PropertySourcesPlaceholderConfigurer]
2013-07-25 18:33:06,259 [main] TRACE org.springframework.beans.CachedIntrospectionResults- Found bean property 'beanFactory' of type [org.springframework.beans.factory.BeanFactory]
2013-07-25 18:33:06,261 [main] TRACE org.springframework.beans.CachedIntrospectionResults- Found bean property 'beanName' of type [java.lang.String]
2013-07-25 18:33:06,261 [main] TRACE org.springframework.beans.CachedIntrospectionResults- Found bean property 'class' of type [java.lang.Class]
2013-07-25 18:33:06,262 [main] TRACE org.springframework.beans.CachedIntrospectionResults- Found bean property 'environment' of type [org.springframework.core.env.Environment]
2013-07-25 18:33:06,262 [main] TRACE org.springframework.beans.CachedIntrospectionResults- Found bean property 'fileEncoding' of type [java.lang.String]
2013-07-25 18:33:06,262 [main] TRACE org.springframework.beans.CachedIntrospectionResults- Found bean property 'ignoreResourceNotFound' of type [boolean]
2013-07-25 18:33:06,262 [main] TRACE org.springframework.beans.CachedIntrospectionResults- Found bean property 'ignoreUnresolvablePlaceholders' of type [boolean]
2013-07-25 18:33:06,262 [main] TRACE org.springframework.beans.CachedIntrospectionResults- Found bean property 'localOverride' of type [boolean]
2013-07-25 18:33:06,262 [main] TRACE org.springframework.beans.CachedIntrospectionResults- Found bean property 'location' of type [org.springframework.core.io.Resource]
2013-07-25 18:33:06,262 [main] TRACE org.springframework.beans.CachedIntrospectionResults- Found bean property 'locations' of type [[Lorg.springframework.core.io.Resource;]
2013-07-25 18:33:06,262 [main] TRACE org.springframework.beans.CachedIntrospectionResults- Found bean property 'nullValue' of type [java.lang.String]
2013-07-25 18:33:06,262 [main] TRACE org.springframework.beans.CachedIntrospectionResults- Found bean property 'order' of type [int]
2013-07-25 18:33:06,262 [main] TRACE org.springframework.beans.CachedIntrospectionResults- Found bean property 'placeholderPrefix' of type [java.lang.String]
2013-07-25 18:33:06,262 [main] TRACE org.springframework.beans.CachedIntrospectionResults- Found bean property 'placeholderSuffix' of type [java.lang.String]
2013-07-25 18:33:06,263 [main] TRACE org.springframework.beans.CachedIntrospectionResults- Found bean property 'properties' of type [java.util.Properties]
2013-07-25 18:33:06,263 [main] TRACE org.springframework.beans.CachedIntrospectionResults- Found bean property 'propertiesArray' of type [[Ljava.util.Properties;]
2013-07-25 18:33:06,263 [main] TRACE org.springframework.beans.CachedIntrospectionResults- Found bean property 'propertiesPersister' of type [org.springframework.util.PropertiesPersister]
2013-07-25 18:33:06,263 [main] TRACE org.springframework.beans.CachedIntrospectionResults- Found bean property 'propertySources' of type [org.springframework.core.env.PropertySources]
2013-07-25 18:33:06,263 [main] TRACE org.springframework.beans.CachedIntrospectionResults- Found bean property 'valueSeparator' of type [java.lang.String]
2013-07-25 18:33:06,276 [main] DEBUG org.springframework.beans.factory.support.DefaultListableBeanFactory- Finished creating instance of bean 'org.springframework.context.support.PropertySourcesPlaceholderConfigurer#0'
2013-07-25 18:33:06,276 [main] DEBUG org.springframework.core.env.MutablePropertySources- Adding [environmentProperties] PropertySource with lowest search precedence
2013-07-25 18:33:06,276 [main] INFO  org.springframework.context.support.PropertySourcesPlaceholderConfigurer- Loading properties file from class path resource [burritopos.properties]
2013-07-25 18:33:06,277 [main] DEBUG org.springframework.core.env.MutablePropertySources- Adding [localProperties] PropertySource with lowest search precedence
2013-07-25 18:33:06,279 [main] TRACE org.springframework.core.env.PropertySourcesPropertyResolver- getProperty("burritopos.server.ip") (implicit targetType [String])
2013-07-25 18:33:06,279 [main] TRACE org.springframework.core.env.PropertySourcesPropertyResolver- getProperty("burritopos.server.ip", String)
2013-07-25 18:33:06,279 [main] DEBUG org.springframework.core.env.PropertySourcesPropertyResolver- Searching for key 'burritopos.server.ip' in [environmentProperties]
2013-07-25 18:33:06,279 [main] TRACE org.springframework.core.env.PropertySourcesPropertyResolver- getProperty("burritopos.server.ip") (implicit targetType [String])
2013-07-25 18:33:06,280 [main] TRACE org.springframework.core.env.PropertySourcesPropertyResolver- getProperty("burritopos.server.ip", String)
2013-07-25 18:33:06,280 [main] DEBUG org.springframework.core.env.PropertySourcesPropertyResolver- Searching for key 'burritopos.server.ip' in [systemProperties]
2013-07-25 18:33:06,280 [main] DEBUG org.springframework.core.env.PropertySourcesPropertyResolver- Searching for key 'burritopos.server.ip' in [systemEnvironment]
2013-07-25 18:33:06,280 [main] TRACE org.springframework.core.env.SystemEnvironmentPropertySource- PropertySource [systemEnvironment] does not contain 'burritopos.server.ip'
2013-07-25 18:33:06,280 [main] TRACE org.springframework.core.env.SystemEnvironmentPropertySource- PropertySource [systemEnvironment] does not contain 'burritopos_server_ip'
2013-07-25 18:33:06,281 [main] TRACE org.springframework.core.env.SystemEnvironmentPropertySource- PropertySource [systemEnvironment] does not contain 'BURRITOPOS.SERVER.IP'
2013-07-25 18:33:06,281 [main] TRACE org.springframework.core.env.SystemEnvironmentPropertySource- PropertySource [systemEnvironment] does not contain 'BURRITOPOS_SERVER_IP'
2013-07-25 18:33:06,281 [main] DEBUG org.springframework.core.env.PropertySourcesPropertyResolver- Could not find key 'burritopos.server.ip' in any property source. Returning [null]
2013-07-25 18:33:06,281 [main] DEBUG org.springframework.core.env.PropertySourcesPropertyResolver- Searching for key 'burritopos.server.ip' in [localProperties]
2013-07-25 18:33:06,281 [main] DEBUG org.springframework.core.env.PropertySourcesPropertyResolver- Found key 'burritopos.server.ip' in [localProperties] with type [String] and value '127.0.0.1'
2013-07-25 18:33:06,283 [main] TRACE org.springframework.util.PropertyPlaceholderHelper- Resolved placeholder 'burritopos.server.ip'
2013-07-25 18:33:06,283 [main] TRACE org.springframework.core.env.PropertySourcesPropertyResolver- getProperty("burritopos.server.port") (implicit targetType [String])
2013-07-25 18:33:06,283 [main] TRACE org.springframework.core.env.PropertySourcesPropertyResolver- getProperty("burritopos.server.port", String)
2013-07-25 18:33:06,283 [main] DEBUG org.springframework.core.env.PropertySourcesPropertyResolver- Searching for key 'burritopos.server.port' in [environmentProperties]
2013-07-25 18:33:06,283 [main] TRACE org.springframework.core.env.PropertySourcesPropertyResolver- getProperty("burritopos.server.port") (implicit targetType [String])
2013-07-25 18:33:06,283 [main] TRACE org.springframework.core.env.PropertySourcesPropertyResolver- getProperty("burritopos.server.port", String)
2013-07-25 18:33:06,283 [main] DEBUG org.springframework.core.env.PropertySourcesPropertyResolver- Searching for key 'burritopos.server.port' in [systemProperties]
2013-07-25 18:33:06,284 [main] DEBUG org.springframework.core.env.PropertySourcesPropertyResolver- Searching for key 'burritopos.server.port' in [systemEnvironment]
2013-07-25 18:33:06,284 [main] TRACE org.springframework.core.env.SystemEnvironmentPropertySource- PropertySource [systemEnvironment] does not contain 'burritopos.server.port'
2013-07-25 18:33:06,284 [main] TRACE org.springframework.core.env.SystemEnvironmentPropertySource- PropertySource [systemEnvironment] does not contain 'burritopos_server_port'
2013-07-25 18:33:06,284 [main] TRACE org.springframework.core.env.SystemEnvironmentPropertySource- PropertySource [systemEnvironment] does not contain 'BURRITOPOS.SERVER.PORT'
2013-07-25 18:33:06,284 [main] TRACE org.springframework.core.env.SystemEnvironmentPropertySource- PropertySource [systemEnvironment] does not contain 'BURRITOPOS_SERVER_PORT'
2013-07-25 18:33:06,284 [main] DEBUG org.springframework.core.env.PropertySourcesPropertyResolver- Could not find key 'burritopos.server.port' in any property source. Returning [null]
2013-07-25 18:33:06,285 [main] DEBUG org.springframework.core.env.PropertySourcesPropertyResolver- Searching for key 'burritopos.server.port' in [localProperties]
2013-07-25 18:33:06,285 [main] DEBUG org.springframework.core.env.PropertySourcesPropertyResolver- Found key 'burritopos.server.port' in [localProperties] with type [String] and value '8000'
2013-07-25 18:33:06,285 [main] TRACE org.springframework.util.PropertyPlaceholderHelper- Resolved placeholder 'burritopos.server.port'
2013-07-25 18:33:06,289 [main] DEBUG org.springframework.beans.factory.support.DefaultListableBeanFactory- Creating shared instance of singleton bean 'org.springframework.context.annotation.internalAutowiredAnnotationProcessor'
2013-07-25 18:33:06,289 [main] DEBUG org.springframework.beans.factory.support.DefaultListableBeanFactory- Creating instance of bean 'org.springframework.context.annotation.internalAutowiredAnnotationProcessor'
2013-07-25 18:33:06,289 [main] DEBUG org.springframework.beans.factory.support.DefaultListableBeanFactory- Eagerly caching bean 'org.springframework.context.annotation.internalAutowiredAnnotationProcessor' to allow for resolving potential circular references
2013-07-25 18:33:06,290 [main] DEBUG org.springframework.beans.factory.support.DefaultListableBeanFactory- Finished creating instance of bean 'org.springframework.context.annotation.internalAutowiredAnnotationProcessor'
2013-07-25 18:33:06,290 [main] DEBUG org.springframework.beans.factory.support.DefaultListableBeanFactory- Creating shared instance of singleton bean 'org.springframework.context.annotation.internalRequiredAnnotationProcessor'
2013-07-25 18:33:06,290 [main] DEBUG org.springframework.beans.factory.support.DefaultListableBeanFactory- Creating instance of bean 'org.springframework.context.annotation.internalRequiredAnnotationProcessor'
2013-07-25 18:33:06,290 [main] DEBUG org.springframework.beans.factory.support.DefaultListableBeanFactory- Eagerly caching bean 'org.springframework.context.annotation.internalRequiredAnnotationProcessor' to allow for resolving potential circular references
2013-07-25 18:33:06,291 [main] DEBUG org.springframework.beans.factory.support.DefaultListableBeanFactory- Finished creating instance of bean 'org.springframework.context.annotation.internalRequiredAnnotationProcessor'
2013-07-25 18:33:06,291 [main] DEBUG org.springframework.beans.factory.support.DefaultListableBeanFactory- Creating shared instance of singleton bean 'org.springframework.context.annotation.internalCommonAnnotationProcessor'
2013-07-25 18:33:06,291 [main] DEBUG org.springframework.beans.factory.support.DefaultListableBeanFactory- Creating instance of bean 'org.springframework.context.annotation.internalCommonAnnotationProcessor'
2013-07-25 18:33:06,297 [main] DEBUG org.springframework.beans.factory.support.DefaultListableBeanFactory- Eagerly caching bean 'org.springframework.context.annotation.internalCommonAnnotationProcessor' to allow for resolving potential circular references
2013-07-25 18:33:06,297 [main] DEBUG org.springframework.beans.factory.support.DefaultListableBeanFactory- Finished creating instance of bean 'org.springframework.context.annotation.internalCommonAnnotationProcessor'
2013-07-25 18:33:06,298 [main] DEBUG org.springframework.beans.factory.support.DefaultListableBeanFactory- Creating shared instance of singleton bean 'org.springframework.context.annotation.ConfigurationClassPostProcessor.importAwareProcessor'
2013-07-25 18:33:06,298 [main] DEBUG org.springframework.beans.factory.support.DefaultListableBeanFactory- Creating instance of bean 'org.springframework.context.annotation.ConfigurationClassPostProcessor.importAwareProcessor'
2013-07-25 18:33:06,298 [main] DEBUG org.springframework.beans.factory.support.DefaultListableBeanFactory- Eagerly caching bean 'org.springframework.context.annotation.ConfigurationClassPostProcessor.importAwareProcessor' to allow for resolving potential circular references
2013-07-25 18:33:06,298 [main] DEBUG org.springframework.beans.factory.support.DefaultListableBeanFactory- Finished creating instance of bean 'org.springframework.context.annotation.ConfigurationClassPostProcessor.importAwareProcessor'
2013-07-25 18:33:06,301 [main] DEBUG org.springframework.context.support.GenericApplicationContext- Unable to locate MessageSource with name 'messageSource': using default [org.springframework.context.support.DelegatingMessageSource@161c8d89]
2013-07-25 18:33:06,303 [main] DEBUG org.springframework.context.support.GenericApplicationContext- Unable to locate ApplicationEventMulticaster with name 'applicationEventMulticaster': using default [org.springframework.context.event.SimpleApplicationEventMulticaster@398b9645]
2013-07-25 18:33:06,308 [main] INFO  org.springframework.beans.factory.support.DefaultListableBeanFactory- Pre-instantiating singletons in org.springframework.beans.factory.support.DefaultListableBeanFactory@372b7e8c: defining beans [org.springframework.context.annotation.internalConfigurationAnnotationProcessor,org.springframework.context.annotation.internalAutowiredAnnotationProcessor,org.springframework.context.annotation.internalRequiredAnnotationProcessor,org.springframework.context.annotation.internalCommonAnnotationProcessor,org.springframework.context.support.PropertySourcesPlaceholderConfigurer#0,burritoposServerIP,burritoposServerPort,burritoManager,inventoryManager,orderManager,authSvc,burritoSvc,customerSvc,employeeSvc,inventorySvc,managerSvc,orderSvc,burritoManagerTestCase,inventoryManagerTestCase,orderManagerTestCase,burritoSvcTestCase,customerSvcTestCase,employeeSvcTestCase,inventorySvcTestCase,managerSvcTestCase,orderSvcTestCase,org.springframework.context.annotation.ConfigurationClassPostProcessor.importAwareProcessor]; root of factory hierarchy
2013-07-25 18:33:06,308 [main] DEBUG org.springframework.beans.factory.support.DefaultListableBeanFactory- Returning cached instance of singleton bean 'org.springframework.context.annotation.internalConfigurationAnnotationProcessor'
2013-07-25 18:33:06,309 [main] DEBUG org.springframework.beans.factory.support.DefaultListableBeanFactory- Returning cached instance of singleton bean 'org.springframework.context.annotation.internalAutowiredAnnotationProcessor'
2013-07-25 18:33:06,309 [main] DEBUG org.springframework.beans.factory.support.DefaultListableBeanFactory- Returning cached instance of singleton bean 'org.springframework.context.annotation.internalRequiredAnnotationProcessor'
2013-07-25 18:33:06,309 [main] DEBUG org.springframework.beans.factory.support.DefaultListableBeanFactory- Returning cached instance of singleton bean 'org.springframework.context.annotation.internalCommonAnnotationProcessor'
2013-07-25 18:33:06,309 [main] DEBUG org.springframework.beans.factory.support.DefaultListableBeanFactory- Returning cached instance of singleton bean 'org.springframework.context.support.PropertySourcesPlaceholderConfigurer#0'
2013-07-25 18:33:06,309 [main] DEBUG org.springframework.beans.factory.support.DefaultListableBeanFactory- Creating shared instance of singleton bean 'burritoposServerIP'
2013-07-25 18:33:06,309 [main] DEBUG org.springframework.beans.factory.support.DefaultListableBeanFactory- Creating instance of bean 'burritoposServerIP'
2013-07-25 18:33:06,331 [main] TRACE org.springframework.beans.factory.support.DefaultListableBeanFactory- Ignoring constructor [public java.lang.String(byte[],int,int,java.nio.charset.Charset)] of bean 'burritoposServerIP': org.springframework.beans.factory.UnsatisfiedDependencyException: Error creating bean with name 'burritoposServerIP' defined in class path resource [applicationContext.xml]: Unsatisfied dependency expressed through constructor argument with index 0 of type [byte[]]: Ambiguous constructor argument types - did you specify the correct bean references as constructor arguments?
2013-07-25 18:33:06,331 [main] TRACE org.springframework.beans.factory.support.DefaultListableBeanFactory- Ignoring constructor [public java.lang.String(byte[],int,int,java.lang.String) throws java.io.UnsupportedEncodingException] of bean 'burritoposServerIP': org.springframework.beans.factory.UnsatisfiedDependencyException: Error creating bean with name 'burritoposServerIP' defined in class path resource [applicationContext.xml]: Unsatisfied dependency expressed through constructor argument with index 0 of type [byte[]]: Ambiguous constructor argument types - did you specify the correct bean references as constructor arguments?
2013-07-25 18:33:06,332 [main] TRACE org.springframework.beans.factory.support.DefaultListableBeanFactory- Ignoring constructor [public java.lang.String(byte[],int,int,int)] of bean 'burritoposServerIP': org.springframework.beans.factory.UnsatisfiedDependencyException: Error creating bean with name 'burritoposServerIP' defined in class path resource [applicationContext.xml]: Unsatisfied dependency expressed through constructor argument with index 0 of type [byte[]]: Ambiguous constructor argument types - did you specify the correct bean references as constructor arguments?
2013-07-25 18:33:06,332 [main] TRACE org.springframework.beans.factory.support.DefaultListableBeanFactory- Ignoring constructor [public java.lang.String(byte[],int,int)] of bean 'burritoposServerIP': org.springframework.beans.factory.UnsatisfiedDependencyException: Error creating bean with name 'burritoposServerIP' defined in class path resource [applicationContext.xml]: Unsatisfied dependency expressed through constructor argument with index 0 of type [byte[]]: Ambiguous constructor argument types - did you specify the correct bean references as constructor arguments?
2013-07-25 18:33:06,332 [main] TRACE org.springframework.beans.factory.support.DefaultListableBeanFactory- Ignoring constructor [public java.lang.String(int[],int,int)] of bean 'burritoposServerIP': org.springframework.beans.factory.UnsatisfiedDependencyException: Error creating bean with name 'burritoposServerIP' defined in class path resource [applicationContext.xml]: Unsatisfied dependency expressed through constructor argument with index 0 of type [int[]]: Ambiguous constructor argument types - did you specify the correct bean references as constructor arguments?
2013-07-25 18:33:06,332 [main] TRACE org.springframework.beans.factory.support.DefaultListableBeanFactory- Ignoring constructor [public java.lang.String(char[],int,int)] of bean 'burritoposServerIP': org.springframework.beans.factory.UnsatisfiedDependencyException: Error creating bean with name 'burritoposServerIP' defined in class path resource [applicationContext.xml]: Unsatisfied dependency expressed through constructor argument with index 0 of type [char[]]: Ambiguous constructor argument types - did you specify the correct bean references as constructor arguments?
2013-07-25 18:33:06,332 [main] TRACE org.springframework.beans.factory.support.DefaultListableBeanFactory- Ignoring constructor [public java.lang.String(byte[],java.nio.charset.Charset)] of bean 'burritoposServerIP': org.springframework.beans.factory.UnsatisfiedDependencyException: Error creating bean with name 'burritoposServerIP' defined in class path resource [applicationContext.xml]: Unsatisfied dependency expressed through constructor argument with index 0 of type [byte[]]: Ambiguous constructor argument types - did you specify the correct bean references as constructor arguments?
2013-07-25 18:33:06,332 [main] TRACE org.springframework.beans.factory.support.DefaultListableBeanFactory- Ignoring constructor [public java.lang.String(byte[],java.lang.String) throws java.io.UnsupportedEncodingException] of bean 'burritoposServerIP': org.springframework.beans.factory.UnsatisfiedDependencyException: Error creating bean with name 'burritoposServerIP' defined in class path resource [applicationContext.xml]: Unsatisfied dependency expressed through constructor argument with index 0 of type [byte[]]: Ambiguous constructor argument types - did you specify the correct bean references as constructor arguments?
2013-07-25 18:33:06,332 [main] TRACE org.springframework.beans.factory.support.DefaultListableBeanFactory- Ignoring constructor [public java.lang.String(byte[],int)] of bean 'burritoposServerIP': org.springframework.beans.factory.UnsatisfiedDependencyException: Error creating bean with name 'burritoposServerIP' defined in class path resource [applicationContext.xml]: Unsatisfied dependency expressed through constructor argument with index 0 of type [byte[]]: Ambiguous constructor argument types - did you specify the correct bean references as constructor arguments?
2013-07-25 18:33:06,333 [main] TRACE org.springframework.beans.factory.support.DefaultListableBeanFactory- Ignoring constructor [public java.lang.String(byte[])] of bean 'burritoposServerIP': org.springframework.beans.factory.UnsatisfiedDependencyException: Error creating bean with name 'burritoposServerIP' defined in class path resource [applicationContext.xml]: Unsatisfied dependency expressed through constructor argument with index 0 of type [byte[]]: Ambiguous constructor argument types - did you specify the correct bean references as constructor arguments?
2013-07-25 18:33:06,333 [main] TRACE org.springframework.beans.factory.support.DefaultListableBeanFactory- Ignoring constructor [public java.lang.String(java.lang.StringBuilder)] of bean 'burritoposServerIP': org.springframework.beans.factory.UnsatisfiedDependencyException: Error creating bean with name 'burritoposServerIP' defined in class path resource [applicationContext.xml]: Unsatisfied dependency expressed through constructor argument with index 0 of type [java.lang.StringBuilder]: Ambiguous constructor argument types - did you specify the correct bean references as constructor arguments?
2013-07-25 18:33:06,333 [main] TRACE org.springframework.beans.factory.support.DefaultListableBeanFactory- Ignoring constructor [public java.lang.String(java.lang.StringBuffer)] of bean 'burritoposServerIP': org.springframework.beans.factory.UnsatisfiedDependencyException: Error creating bean with name 'burritoposServerIP' defined in class path resource [applicationContext.xml]: Unsatisfied dependency expressed through constructor argument with index 0 of type [java.lang.StringBuffer]: Ambiguous constructor argument types - did you specify the correct bean references as constructor arguments?
2013-07-25 18:33:06,333 [main] TRACE org.springframework.beans.factory.support.DefaultListableBeanFactory- Ignoring constructor [public java.lang.String(char[])] of bean 'burritoposServerIP': org.springframework.beans.factory.UnsatisfiedDependencyException: Error creating bean with name 'burritoposServerIP' defined in class path resource [applicationContext.xml]: Unsatisfied dependency expressed through constructor argument with index 0 of type [char[]]: Ambiguous constructor argument types - did you specify the correct bean references as constructor arguments?
2013-07-25 18:33:06,337 [main] DEBUG org.springframework.beans.factory.support.DefaultListableBeanFactory- Eagerly caching bean 'burritoposServerIP' to allow for resolving potential circular references
2013-07-25 18:33:06,337 [main] DEBUG org.springframework.beans.CachedIntrospectionResults- Not strongly caching class [java.lang.String] because it is not cache-safe
2013-07-25 18:33:06,337 [main] TRACE org.springframework.beans.CachedIntrospectionResults- Getting BeanInfo for class [java.lang.String]
2013-07-25 18:33:06,339 [main] TRACE org.springframework.beans.CachedIntrospectionResults- Caching PropertyDescriptors for class [java.lang.String]
2013-07-25 18:33:06,339 [main] TRACE org.springframework.beans.CachedIntrospectionResults- Found bean property 'bytes' of type [[B]
2013-07-25 18:33:06,339 [main] TRACE org.springframework.beans.CachedIntrospectionResults- Found bean property 'class' of type [java.lang.Class]
2013-07-25 18:33:06,339 [main] TRACE org.springframework.beans.CachedIntrospectionResults- Found bean property 'empty' of type [boolean]
2013-07-25 18:33:06,340 [main] DEBUG org.springframework.beans.factory.support.DefaultListableBeanFactory- Finished creating instance of bean 'burritoposServerIP'
2013-07-25 18:33:06,341 [main] DEBUG org.springframework.beans.factory.support.DefaultListableBeanFactory- Creating shared instance of singleton bean 'burritoposServerPort'
2013-07-25 18:33:06,341 [main] DEBUG org.springframework.beans.factory.support.DefaultListableBeanFactory- Creating instance of bean 'burritoposServerPort'
2013-07-25 18:33:06,341 [main] TRACE org.springframework.beans.factory.support.DefaultListableBeanFactory- Ignoring constructor [public java.lang.String(byte[],int,int,java.nio.charset.Charset)] of bean 'burritoposServerPort': org.springframework.beans.factory.UnsatisfiedDependencyException: Error creating bean with name 'burritoposServerPort' defined in class path resource [applicationContext.xml]: Unsatisfied dependency expressed through constructor argument with index 0 of type [byte[]]: Ambiguous constructor argument types - did you specify the correct bean references as constructor arguments?
2013-07-25 18:33:06,341 [main] TRACE org.springframework.beans.factory.support.DefaultListableBeanFactory- Ignoring constructor [public java.lang.String(byte[],int,int,java.lang.String) throws java.io.UnsupportedEncodingException] of bean 'burritoposServerPort': org.springframework.beans.factory.UnsatisfiedDependencyException: Error creating bean with name 'burritoposServerPort' defined in class path resource [applicationContext.xml]: Unsatisfied dependency expressed through constructor argument with index 0 of type [byte[]]: Ambiguous constructor argument types - did you specify the correct bean references as constructor arguments?
2013-07-25 18:33:06,341 [main] TRACE org.springframework.beans.factory.support.DefaultListableBeanFactory- Ignoring constructor [public java.lang.String(byte[],int,int,int)] of bean 'burritoposServerPort': org.springframework.beans.factory.UnsatisfiedDependencyException: Error creating bean with name 'burritoposServerPort' defined in class path resource [applicationContext.xml]: Unsatisfied dependency expressed through constructor argument with index 0 of type [byte[]]: Ambiguous constructor argument types - did you specify the correct bean references as constructor arguments?
2013-07-25 18:33:06,341 [main] TRACE org.springframework.beans.factory.support.DefaultListableBeanFactory- Ignoring constructor [public java.lang.String(byte[],int,int)] of bean 'burritoposServerPort': org.springframework.beans.factory.UnsatisfiedDependencyException: Error creating bean with name 'burritoposServerPort' defined in class path resource [applicationContext.xml]: Unsatisfied dependency expressed through constructor argument with index 0 of type [byte[]]: Ambiguous constructor argument types - did you specify the correct bean references as constructor arguments?
2013-07-25 18:33:06,341 [main] TRACE org.springframework.beans.factory.support.DefaultListableBeanFactory- Ignoring constructor [public java.lang.String(int[],int,int)] of bean 'burritoposServerPort': org.springframework.beans.factory.UnsatisfiedDependencyException: Error creating bean with name 'burritoposServerPort' defined in class path resource [applicationContext.xml]: Unsatisfied dependency expressed through constructor argument with index 0 of type [int[]]: Ambiguous constructor argument types - did you specify the correct bean references as constructor arguments?
2013-07-25 18:33:06,342 [main] TRACE org.springframework.beans.factory.support.DefaultListableBeanFactory- Ignoring constructor [public java.lang.String(char[],int,int)] of bean 'burritoposServerPort': org.springframework.beans.factory.UnsatisfiedDependencyException: Error creating bean with name 'burritoposServerPort' defined in class path resource [applicationContext.xml]: Unsatisfied dependency expressed through constructor argument with index 0 of type [char[]]: Ambiguous constructor argument types - did you specify the correct bean references as constructor arguments?
2013-07-25 18:33:06,342 [main] TRACE org.springframework.beans.factory.support.DefaultListableBeanFactory- Ignoring constructor [public java.lang.String(byte[],java.nio.charset.Charset)] of bean 'burritoposServerPort': org.springframework.beans.factory.UnsatisfiedDependencyException: Error creating bean with name 'burritoposServerPort' defined in class path resource [applicationContext.xml]: Unsatisfied dependency expressed through constructor argument with index 0 of type [byte[]]: Ambiguous constructor argument types - did you specify the correct bean references as constructor arguments?
2013-07-25 18:33:06,342 [main] TRACE org.springframework.beans.factory.support.DefaultListableBeanFactory- Ignoring constructor [public java.lang.String(byte[],java.lang.String) throws java.io.UnsupportedEncodingException] of bean 'burritoposServerPort': org.springframework.beans.factory.UnsatisfiedDependencyException: Error creating bean with name 'burritoposServerPort' defined in class path resource [applicationContext.xml]: Unsatisfied dependency expressed through constructor argument with index 0 of type [byte[]]: Ambiguous constructor argument types - did you specify the correct bean references as constructor arguments?
2013-07-25 18:33:06,342 [main] TRACE org.springframework.beans.factory.support.DefaultListableBeanFactory- Ignoring constructor [public java.lang.String(byte[],int)] of bean 'burritoposServerPort': org.springframework.beans.factory.UnsatisfiedDependencyException: Error creating bean with name 'burritoposServerPort' defined in class path resource [applicationContext.xml]: Unsatisfied dependency expressed through constructor argument with index 0 of type [byte[]]: Ambiguous constructor argument types - did you specify the correct bean references as constructor arguments?
2013-07-25 18:33:06,342 [main] TRACE org.springframework.beans.factory.support.DefaultListableBeanFactory- Ignoring constructor [public java.lang.String(byte[])] of bean 'burritoposServerPort': org.springframework.beans.factory.UnsatisfiedDependencyException: Error creating bean with name 'burritoposServerPort' defined in class path resource [applicationContext.xml]: Unsatisfied dependency expressed through constructor argument with index 0 of type [byte[]]: Ambiguous constructor argument types - did you specify the correct bean references as constructor arguments?
2013-07-25 18:33:06,342 [main] TRACE org.springframework.beans.factory.support.DefaultListableBeanFactory- Ignoring constructor [public java.lang.String(java.lang.StringBuilder)] of bean 'burritoposServerPort': org.springframework.beans.factory.UnsatisfiedDependencyException: Error creating bean with name 'burritoposServerPort' defined in class path resource [applicationContext.xml]: Unsatisfied dependency expressed through constructor argument with index 0 of type [java.lang.StringBuilder]: Ambiguous constructor argument types - did you specify the correct bean references as constructor arguments?
2013-07-25 18:33:06,342 [main] TRACE org.springframework.beans.factory.support.DefaultListableBeanFactory- Ignoring constructor [public java.lang.String(java.lang.StringBuffer)] of bean 'burritoposServerPort': org.springframework.beans.factory.UnsatisfiedDependencyException: Error creating bean with name 'burritoposServerPort' defined in class path resource [applicationContext.xml]: Unsatisfied dependency expressed through constructor argument with index 0 of type [java.lang.StringBuffer]: Ambiguous constructor argument types - did you specify the correct bean references as constructor arguments?
2013-07-25 18:33:06,342 [main] TRACE org.springframework.beans.factory.support.DefaultListableBeanFactory- Ignoring constructor [public java.lang.String(char[])] of bean 'burritoposServerPort': org.springframework.beans.factory.UnsatisfiedDependencyException: Error creating bean with name 'burritoposServerPort' defined in class path resource [applicationContext.xml]: Unsatisfied dependency expressed through constructor argument with index 0 of type [char[]]: Ambiguous constructor argument types - did you specify the correct bean references as constructor arguments?
2013-07-25 18:33:06,343 [main] DEBUG org.springframework.beans.factory.support.DefaultListableBeanFactory- Eagerly caching bean 'burritoposServerPort' to allow for resolving potential circular references
2013-07-25 18:33:06,343 [main] DEBUG org.springframework.beans.factory.support.DefaultListableBeanFactory- Finished creating instance of bean 'burritoposServerPort'
2013-07-25 18:33:06,343 [main] DEBUG org.springframework.beans.factory.support.DefaultListableBeanFactory- Creating shared instance of singleton bean 'burritoManager'
2013-07-25 18:33:06,343 [main] DEBUG org.springframework.beans.factory.support.DefaultListableBeanFactory- Creating instance of bean 'burritoManager'
2013-07-25 18:33:08,387 [main] TRACE com.burritopos.service.Factory- curKey: IBurritoSvc | value: com.burritopos.service.dao.mongo.BurritoSvcImpl | hashmap size: 0
2013-07-25 18:33:08,388 [main] TRACE com.burritopos.service.Factory- curKey: ICustomerSvc | value: com.burritopos.service.dao.mongo.CustomerSvcImpl | hashmap size: 1
2013-07-25 18:33:08,388 [main] TRACE com.burritopos.service.Factory- curKey: IEmployeeSvc | value: com.burritopos.service.dao.mongo.EmployeeSvcImpl | hashmap size: 2
2013-07-25 18:33:08,389 [main] TRACE com.burritopos.service.Factory- curKey: IInventorySvc | value: com.burritopos.service.dao.mongo.InventorySvcImpl | hashmap size: 3
2013-07-25 18:33:08,389 [main] TRACE com.burritopos.service.Factory- curKey: IManagerSvc | value: com.burritopos.service.dao.mongo.ManagerSvcImpl | hashmap size: 4
2013-07-25 18:33:08,390 [main] TRACE com.burritopos.service.Factory- curKey: IOrderSvc | value: com.burritopos.service.dao.mongo.OrderSvcImpl | hashmap size: 5
2013-07-25 18:33:08,390 [main] TRACE com.burritopos.service.Factory- curKey: IAuthenticationSvc | value: com.burritopos.service.net.AuthenticationSvcSocketImpl | hashmap size: 6
2013-07-25 18:33:08,399 [main] DEBUG org.springframework.beans.factory.annotation.InjectionMetadata- Registered injected element on class [com.burritopos.business.BurritoManager]: AutowiredFieldElement for private com.burritopos.service.dao.IBurritoSvc com.burritopos.business.BurritoManager.burritoSvc
2013-07-25 18:33:08,399 [main] DEBUG org.springframework.beans.factory.support.DefaultListableBeanFactory- Eagerly caching bean 'burritoManager' to allow for resolving potential circular references
2013-07-25 18:33:08,400 [main] TRACE org.springframework.beans.CachedIntrospectionResults- Getting BeanInfo for class [com.burritopos.business.BurritoManager]
2013-07-25 18:33:08,409 [main] TRACE org.springframework.beans.CachedIntrospectionResults- Caching PropertyDescriptors for class [com.burritopos.business.BurritoManager]
2013-07-25 18:33:08,410 [main] TRACE org.springframework.beans.CachedIntrospectionResults- Found bean property 'class' of type [java.lang.Class]
2013-07-25 18:33:08,410 [main] DEBUG org.springframework.beans.factory.annotation.InjectionMetadata- Processing injected method of bean 'burritoManager': AutowiredFieldElement for private com.burritopos.service.dao.IBurritoSvc com.burritopos.business.BurritoManager.burritoSvc
2013-07-25 18:33:08,414 [main] DEBUG org.springframework.beans.factory.support.DefaultListableBeanFactory- Creating shared instance of singleton bean 'burritoSvc'
2013-07-25 18:33:08,414 [main] DEBUG org.springframework.beans.factory.support.DefaultListableBeanFactory- Creating instance of bean 'burritoSvc'
2013-07-25 18:33:08,416 [main] DEBUG org.springframework.beans.factory.support.DefaultListableBeanFactory- Eagerly caching bean 'burritoSvc' to allow for resolving potential circular references
2013-07-25 18:33:08,416 [main] TRACE org.springframework.beans.CachedIntrospectionResults- Getting BeanInfo for class [com.burritopos.service.dao.mongo.BurritoSvcImpl]
2013-07-25 18:33:08,420 [main] TRACE org.springframework.beans.CachedIntrospectionResults- Caching PropertyDescriptors for class [com.burritopos.service.dao.mongo.BurritoSvcImpl]
2013-07-25 18:33:08,420 [main] TRACE org.springframework.beans.CachedIntrospectionResults- Found bean property 'class' of type [java.lang.Class]
2013-07-25 18:33:08,420 [main] DEBUG org.springframework.beans.factory.support.DefaultListableBeanFactory- Finished creating instance of bean 'burritoSvc'
2013-07-25 18:33:08,421 [main] DEBUG org.springframework.beans.factory.annotation.AutowiredAnnotationBeanPostProcessor- Autowiring by type from bean name 'burritoManager' to bean named 'burritoSvc'
2013-07-25 18:33:08,421 [main] DEBUG org.springframework.beans.factory.support.DefaultListableBeanFactory- Finished creating instance of bean 'burritoManager'
2013-07-25 18:33:08,421 [main] DEBUG org.springframework.beans.factory.support.DefaultListableBeanFactory- Creating shared instance of singleton bean 'inventoryManager'
2013-07-25 18:33:08,422 [main] DEBUG org.springframework.beans.factory.support.DefaultListableBeanFactory- Creating instance of bean 'inventoryManager'
2013-07-25 18:33:08,424 [main] DEBUG org.springframework.beans.factory.annotation.InjectionMetadata- Registered injected element on class [com.burritopos.business.InventoryManager]: AutowiredFieldElement for private com.burritopos.service.dao.IInventorySvc com.burritopos.business.InventoryManager.inventorySvc
2013-07-25 18:33:08,424 [main] DEBUG org.springframework.beans.factory.support.DefaultListableBeanFactory- Eagerly caching bean 'inventoryManager' to allow for resolving potential circular references
2013-07-25 18:33:08,425 [main] TRACE org.springframework.beans.CachedIntrospectionResults- Getting BeanInfo for class [com.burritopos.business.InventoryManager]
2013-07-25 18:33:08,428 [main] TRACE org.springframework.beans.CachedIntrospectionResults- Caching PropertyDescriptors for class [com.burritopos.business.InventoryManager]
2013-07-25 18:33:08,428 [main] TRACE org.springframework.beans.CachedIntrospectionResults- Found bean property 'class' of type [java.lang.Class]
2013-07-25 18:33:08,429 [main] DEBUG org.springframework.beans.factory.annotation.InjectionMetadata- Processing injected method of bean 'inventoryManager': AutowiredFieldElement for private com.burritopos.service.dao.IInventorySvc com.burritopos.business.InventoryManager.inventorySvc
2013-07-25 18:33:08,429 [main] DEBUG org.springframework.beans.factory.support.DefaultListableBeanFactory- Creating shared instance of singleton bean 'inventorySvc'
2013-07-25 18:33:08,430 [main] DEBUG org.springframework.beans.factory.support.DefaultListableBeanFactory- Creating instance of bean 'inventorySvc'
2013-07-25 18:33:08,430 [main] DEBUG org.springframework.beans.factory.support.DefaultListableBeanFactory- Eagerly caching bean 'inventorySvc' to allow for resolving potential circular references
2013-07-25 18:33:08,431 [main] TRACE org.springframework.beans.CachedIntrospectionResults- Getting BeanInfo for class [com.burritopos.service.dao.mongo.InventorySvcImpl]
2013-07-25 18:33:08,433 [main] TRACE org.springframework.beans.CachedIntrospectionResults- Caching PropertyDescriptors for class [com.burritopos.service.dao.mongo.InventorySvcImpl]
2013-07-25 18:33:08,433 [main] TRACE org.springframework.beans.CachedIntrospectionResults- Found bean property 'class' of type [java.lang.Class]
2013-07-25 18:33:08,433 [main] DEBUG org.springframework.beans.factory.support.DefaultListableBeanFactory- Finished creating instance of bean 'inventorySvc'
2013-07-25 18:33:08,434 [main] DEBUG org.springframework.beans.factory.annotation.AutowiredAnnotationBeanPostProcessor- Autowiring by type from bean name 'inventoryManager' to bean named 'inventorySvc'
2013-07-25 18:33:08,434 [main] DEBUG org.springframework.beans.factory.support.DefaultListableBeanFactory- Finished creating instance of bean 'inventoryManager'
2013-07-25 18:33:08,434 [main] DEBUG org.springframework.beans.factory.support.DefaultListableBeanFactory- Creating shared instance of singleton bean 'orderManager'
2013-07-25 18:33:08,434 [main] DEBUG org.springframework.beans.factory.support.DefaultListableBeanFactory- Creating instance of bean 'orderManager'
2013-07-25 18:33:08,435 [main] DEBUG org.springframework.beans.factory.annotation.InjectionMetadata- Registered injected element on class [com.burritopos.business.OrderManager]: AutowiredFieldElement for private com.burritopos.service.dao.IOrderSvc com.burritopos.business.OrderManager.orderSvc
2013-07-25 18:33:08,435 [main] DEBUG org.springframework.beans.factory.support.DefaultListableBeanFactory- Eagerly caching bean 'orderManager' to allow for resolving potential circular references
2013-07-25 18:33:08,435 [main] TRACE org.springframework.beans.CachedIntrospectionResults- Getting BeanInfo for class [com.burritopos.business.OrderManager]
2013-07-25 18:33:08,440 [main] TRACE org.springframework.beans.CachedIntrospectionResults- Caching PropertyDescriptors for class [com.burritopos.business.OrderManager]
2013-07-25 18:33:08,440 [main] TRACE org.springframework.beans.CachedIntrospectionResults- Found bean property 'class' of type [java.lang.Class]
2013-07-25 18:33:08,440 [main] TRACE org.springframework.beans.CachedIntrospectionResults- Found bean property 'orderHistories' of type [java.util.ArrayList]
2013-07-25 18:33:08,440 [main] DEBUG org.springframework.beans.factory.annotation.InjectionMetadata- Processing injected method of bean 'orderManager': AutowiredFieldElement for private com.burritopos.service.dao.IOrderSvc com.burritopos.business.OrderManager.orderSvc
2013-07-25 18:33:08,441 [main] DEBUG org.springframework.beans.factory.support.DefaultListableBeanFactory- Creating shared instance of singleton bean 'orderSvc'
2013-07-25 18:33:08,441 [main] DEBUG org.springframework.beans.factory.support.DefaultListableBeanFactory- Creating instance of bean 'orderSvc'
2013-07-25 18:33:08,442 [main] DEBUG org.springframework.beans.factory.support.DefaultListableBeanFactory- Eagerly caching bean 'orderSvc' to allow for resolving potential circular references
2013-07-25 18:33:08,442 [main] TRACE org.springframework.beans.CachedIntrospectionResults- Getting BeanInfo for class [com.burritopos.service.dao.mongo.OrderSvcImpl]
2013-07-25 18:33:08,443 [main] TRACE org.springframework.beans.CachedIntrospectionResults- Caching PropertyDescriptors for class [com.burritopos.service.dao.mongo.OrderSvcImpl]
2013-07-25 18:33:08,444 [main] TRACE org.springframework.beans.CachedIntrospectionResults- Found bean property 'allOrders' of type [java.util.ArrayList]
2013-07-25 18:33:08,444 [main] TRACE org.springframework.beans.CachedIntrospectionResults- Found bean property 'burritoSvc' of type [com.burritopos.service.dao.IBurritoSvc]
2013-07-25 18:33:08,444 [main] TRACE org.springframework.beans.CachedIntrospectionResults- Found bean property 'class' of type [java.lang.Class]
2013-07-25 18:33:08,444 [main] DEBUG org.springframework.beans.factory.support.DefaultListableBeanFactory- Returning cached instance of singleton bean 'burritoSvc'
2013-07-25 18:33:08,444 [main] DEBUG org.springframework.beans.factory.support.DefaultListableBeanFactory- Finished creating instance of bean 'orderSvc'
2013-07-25 18:33:08,444 [main] DEBUG org.springframework.beans.factory.annotation.AutowiredAnnotationBeanPostProcessor- Autowiring by type from bean name 'orderManager' to bean named 'orderSvc'
2013-07-25 18:33:08,445 [main] DEBUG org.springframework.beans.factory.support.DefaultListableBeanFactory- Finished creating instance of bean 'orderManager'
2013-07-25 18:33:08,445 [main] DEBUG org.springframework.beans.factory.support.DefaultListableBeanFactory- Creating shared instance of singleton bean 'authSvc'
2013-07-25 18:33:08,445 [main] DEBUG org.springframework.beans.factory.support.DefaultListableBeanFactory- Creating instance of bean 'authSvc'
2013-07-25 18:33:08,445 [main] DEBUG org.springframework.beans.factory.support.DefaultListableBeanFactory- Returning cached instance of singleton bean 'burritoposServerIP'
2013-07-25 18:33:08,445 [main] DEBUG org.springframework.beans.factory.support.DefaultListableBeanFactory- Returning cached instance of singleton bean 'burritoposServerPort'
2013-07-25 18:33:08,448 [main] DEBUG org.springframework.beans.factory.support.DefaultListableBeanFactory- Eagerly caching bean 'authSvc' to allow for resolving potential circular references
2013-07-25 18:33:08,448 [main] TRACE org.springframework.beans.CachedIntrospectionResults- Getting BeanInfo for class [com.burritopos.service.net.AuthenticationSvcSocketImpl]
2013-07-25 18:33:08,452 [main] TRACE org.springframework.beans.CachedIntrospectionResults- Caching PropertyDescriptors for class [com.burritopos.service.net.AuthenticationSvcSocketImpl]
2013-07-25 18:33:08,452 [main] TRACE org.springframework.beans.CachedIntrospectionResults- Found bean property 'class' of type [java.lang.Class]
2013-07-25 18:33:08,452 [main] DEBUG org.springframework.beans.factory.support.DefaultListableBeanFactory- Finished creating instance of bean 'authSvc'
2013-07-25 18:33:08,452 [main] DEBUG org.springframework.beans.factory.support.DefaultListableBeanFactory- Returning cached instance of singleton bean 'burritoSvc'
2013-07-25 18:33:08,452 [main] DEBUG org.springframework.beans.factory.support.DefaultListableBeanFactory- Creating shared instance of singleton bean 'customerSvc'
2013-07-25 18:33:08,453 [main] DEBUG org.springframework.beans.factory.support.DefaultListableBeanFactory- Creating instance of bean 'customerSvc'
2013-07-25 18:33:08,454 [main] DEBUG org.springframework.beans.factory.support.DefaultListableBeanFactory- Eagerly caching bean 'customerSvc' to allow for resolving potential circular references
2013-07-25 18:33:08,454 [main] TRACE org.springframework.beans.CachedIntrospectionResults- Getting BeanInfo for class [com.burritopos.service.dao.mongo.CustomerSvcImpl]
2013-07-25 18:33:08,455 [main] TRACE org.springframework.beans.CachedIntrospectionResults- Caching PropertyDescriptors for class [com.burritopos.service.dao.mongo.CustomerSvcImpl]
2013-07-25 18:33:08,455 [main] TRACE org.springframework.beans.CachedIntrospectionResults- Found bean property 'class' of type [java.lang.Class]
2013-07-25 18:33:08,456 [main] DEBUG org.springframework.beans.factory.support.DefaultListableBeanFactory- Finished creating instance of bean 'customerSvc'
2013-07-25 18:33:08,456 [main] DEBUG org.springframework.beans.factory.support.DefaultListableBeanFactory- Creating shared instance of singleton bean 'employeeSvc'
2013-07-25 18:33:08,456 [main] DEBUG org.springframework.beans.factory.support.DefaultListableBeanFactory- Creating instance of bean 'employeeSvc'
2013-07-25 18:33:08,456 [main] DEBUG org.springframework.beans.factory.support.DefaultListableBeanFactory- Eagerly caching bean 'employeeSvc' to allow for resolving potential circular references
2013-07-25 18:33:08,456 [main] TRACE org.springframework.beans.CachedIntrospectionResults- Getting BeanInfo for class [com.burritopos.service.dao.mongo.EmployeeSvcImpl]
2013-07-25 18:33:08,458 [main] TRACE org.springframework.beans.CachedIntrospectionResults- Caching PropertyDescriptors for class [com.burritopos.service.dao.mongo.EmployeeSvcImpl]
2013-07-25 18:33:08,458 [main] TRACE org.springframework.beans.CachedIntrospectionResults- Found bean property 'class' of type [java.lang.Class]
2013-07-25 18:33:08,458 [main] DEBUG org.springframework.beans.factory.support.DefaultListableBeanFactory- Finished creating instance of bean 'employeeSvc'
2013-07-25 18:33:08,458 [main] DEBUG org.springframework.beans.factory.support.DefaultListableBeanFactory- Returning cached instance of singleton bean 'inventorySvc'
2013-07-25 18:33:08,459 [main] DEBUG org.springframework.beans.factory.support.DefaultListableBeanFactory- Creating shared instance of singleton bean 'managerSvc'
2013-07-25 18:33:08,459 [main] DEBUG org.springframework.beans.factory.support.DefaultListableBeanFactory- Creating instance of bean 'managerSvc'
2013-07-25 18:33:08,459 [main] DEBUG org.springframework.beans.factory.support.DefaultListableBeanFactory- Eagerly caching bean 'managerSvc' to allow for resolving potential circular references
2013-07-25 18:33:08,459 [main] TRACE org.springframework.beans.CachedIntrospectionResults- Getting BeanInfo for class [com.burritopos.service.dao.mongo.ManagerSvcImpl]
2013-07-25 18:33:08,461 [main] TRACE org.springframework.beans.CachedIntrospectionResults- Caching PropertyDescriptors for class [com.burritopos.service.dao.mongo.ManagerSvcImpl]
2013-07-25 18:33:08,461 [main] TRACE org.springframework.beans.CachedIntrospectionResults- Found bean property 'class' of type [java.lang.Class]
2013-07-25 18:33:08,461 [main] DEBUG org.springframework.beans.factory.support.DefaultListableBeanFactory- Finished creating instance of bean 'managerSvc'
2013-07-25 18:33:08,462 [main] DEBUG org.springframework.beans.factory.support.DefaultListableBeanFactory- Returning cached instance of singleton bean 'orderSvc'
2013-07-25 18:33:08,462 [main] DEBUG org.springframework.beans.factory.support.DefaultListableBeanFactory- Creating shared instance of singleton bean 'burritoManagerTestCase'
2013-07-25 18:33:08,462 [main] DEBUG org.springframework.beans.factory.support.DefaultListableBeanFactory- Creating instance of bean 'burritoManagerTestCase'
2013-07-25 18:33:08,465 [main] DEBUG org.springframework.beans.factory.annotation.InjectionMetadata- Registered injected element on class [com.burritopos.business.test.BurritoManagerTestCase]: AutowiredFieldElement for private com.burritopos.business.BurritoManager com.burritopos.business.test.BurritoManagerTestCase.bManager
2013-07-25 18:33:08,465 [main] DEBUG org.springframework.beans.factory.support.DefaultListableBeanFactory- Eagerly caching bean 'burritoManagerTestCase' to allow for resolving potential circular references
2013-07-25 18:33:08,465 [main] TRACE org.springframework.beans.CachedIntrospectionResults- Getting BeanInfo for class [com.burritopos.business.test.BurritoManagerTestCase]
2013-07-25 18:33:08,467 [main] TRACE org.springframework.beans.CachedIntrospectionResults- Caching PropertyDescriptors for class [com.burritopos.business.test.BurritoManagerTestCase]
2013-07-25 18:33:08,468 [main] TRACE org.springframework.beans.CachedIntrospectionResults- Found bean property 'class' of type [java.lang.Class]
2013-07-25 18:33:08,468 [main] DEBUG org.springframework.beans.factory.annotation.InjectionMetadata- Processing injected method of bean 'burritoManagerTestCase': AutowiredFieldElement for private com.burritopos.business.BurritoManager com.burritopos.business.test.BurritoManagerTestCase.bManager
2013-07-25 18:33:08,468 [main] DEBUG org.springframework.beans.factory.support.DefaultListableBeanFactory- Returning cached instance of singleton bean 'burritoManager'
2013-07-25 18:33:08,468 [main] DEBUG org.springframework.beans.factory.annotation.AutowiredAnnotationBeanPostProcessor- Autowiring by type from bean name 'burritoManagerTestCase' to bean named 'burritoManager'
2013-07-25 18:33:08,468 [main] DEBUG org.springframework.beans.factory.support.DefaultListableBeanFactory- Finished creating instance of bean 'burritoManagerTestCase'
2013-07-25 18:33:08,469 [main] DEBUG org.springframework.beans.factory.support.DefaultListableBeanFactory- Creating shared instance of singleton bean 'inventoryManagerTestCase'
2013-07-25 18:33:08,469 [main] DEBUG org.springframework.beans.factory.support.DefaultListableBeanFactory- Creating instance of bean 'inventoryManagerTestCase'
2013-07-25 18:33:08,473 [main] DEBUG org.springframework.beans.factory.annotation.InjectionMetadata- Registered injected element on class [com.burritopos.business.test.InventoryManagerTestCase]: AutowiredFieldElement for private com.burritopos.business.InventoryManager com.burritopos.business.test.InventoryManagerTestCase.iManager
2013-07-25 18:33:08,473 [main] DEBUG org.springframework.beans.factory.annotation.InjectionMetadata- Registered injected element on class [com.burritopos.business.test.InventoryManagerTestCase]: AutowiredFieldElement for private com.burritopos.business.OrderManager com.burritopos.business.test.InventoryManagerTestCase.oManager
2013-07-25 18:33:08,473 [main] DEBUG org.springframework.beans.factory.support.DefaultListableBeanFactory- Eagerly caching bean 'inventoryManagerTestCase' to allow for resolving potential circular references
2013-07-25 18:33:08,474 [main] TRACE org.springframework.beans.CachedIntrospectionResults- Getting BeanInfo for class [com.burritopos.business.test.InventoryManagerTestCase]
2013-07-25 18:33:08,477 [main] TRACE org.springframework.beans.CachedIntrospectionResults- Caching PropertyDescriptors for class [com.burritopos.business.test.InventoryManagerTestCase]
2013-07-25 18:33:08,478 [main] TRACE org.springframework.beans.CachedIntrospectionResults- Found bean property 'class' of type [java.lang.Class]
2013-07-25 18:33:08,478 [main] DEBUG org.springframework.beans.factory.annotation.InjectionMetadata- Processing injected method of bean 'inventoryManagerTestCase': AutowiredFieldElement for private com.burritopos.business.InventoryManager com.burritopos.business.test.InventoryManagerTestCase.iManager
2013-07-25 18:33:08,478 [main] DEBUG org.springframework.beans.factory.support.DefaultListableBeanFactory- Returning cached instance of singleton bean 'inventoryManager'
2013-07-25 18:33:08,479 [main] DEBUG org.springframework.beans.factory.annotation.AutowiredAnnotationBeanPostProcessor- Autowiring by type from bean name 'inventoryManagerTestCase' to bean named 'inventoryManager'
2013-07-25 18:33:08,479 [main] DEBUG org.springframework.beans.factory.annotation.InjectionMetadata- Processing injected method of bean 'inventoryManagerTestCase': AutowiredFieldElement for private com.burritopos.business.OrderManager com.burritopos.business.test.InventoryManagerTestCase.oManager
2013-07-25 18:33:08,479 [main] DEBUG org.springframework.beans.factory.support.DefaultListableBeanFactory- Returning cached instance of singleton bean 'orderManager'
2013-07-25 18:33:08,479 [main] DEBUG org.springframework.beans.factory.annotation.AutowiredAnnotationBeanPostProcessor- Autowiring by type from bean name 'inventoryManagerTestCase' to bean named 'orderManager'
2013-07-25 18:33:08,479 [main] DEBUG org.springframework.beans.factory.support.DefaultListableBeanFactory- Finished creating instance of bean 'inventoryManagerTestCase'
2013-07-25 18:33:08,479 [main] DEBUG org.springframework.beans.factory.support.DefaultListableBeanFactory- Creating shared instance of singleton bean 'orderManagerTestCase'
2013-07-25 18:33:08,480 [main] DEBUG org.springframework.beans.factory.support.DefaultListableBeanFactory- Creating instance of bean 'orderManagerTestCase'
2013-07-25 18:33:08,485 [main] DEBUG org.springframework.beans.factory.annotation.InjectionMetadata- Registered injected element on class [com.burritopos.business.test.OrderManagerTestCase]: AutowiredFieldElement for private com.burritopos.business.OrderManager com.burritopos.business.test.OrderManagerTestCase.oManager
2013-07-25 18:33:08,485 [main] DEBUG org.springframework.beans.factory.support.DefaultListableBeanFactory- Eagerly caching bean 'orderManagerTestCase' to allow for resolving potential circular references
2013-07-25 18:33:08,485 [main] TRACE org.springframework.beans.CachedIntrospectionResults- Getting BeanInfo for class [com.burritopos.business.test.OrderManagerTestCase]
2013-07-25 18:33:08,487 [main] TRACE org.springframework.beans.CachedIntrospectionResults- Caching PropertyDescriptors for class [com.burritopos.business.test.OrderManagerTestCase]
2013-07-25 18:33:08,487 [main] TRACE org.springframework.beans.CachedIntrospectionResults- Found bean property 'class' of type [java.lang.Class]
2013-07-25 18:33:08,488 [main] DEBUG org.springframework.beans.factory.annotation.InjectionMetadata- Processing injected method of bean 'orderManagerTestCase': AutowiredFieldElement for private com.burritopos.business.OrderManager com.burritopos.business.test.OrderManagerTestCase.oManager
2013-07-25 18:33:08,488 [main] DEBUG org.springframework.beans.factory.support.DefaultListableBeanFactory- Returning cached instance of singleton bean 'orderManager'
2013-07-25 18:33:08,488 [main] DEBUG org.springframework.beans.factory.annotation.AutowiredAnnotationBeanPostProcessor- Autowiring by type from bean name 'orderManagerTestCase' to bean named 'orderManager'
2013-07-25 18:33:08,488 [main] DEBUG org.springframework.beans.factory.support.DefaultListableBeanFactory- Finished creating instance of bean 'orderManagerTestCase'
2013-07-25 18:33:08,488 [main] DEBUG org.springframework.beans.factory.support.DefaultListableBeanFactory- Creating shared instance of singleton bean 'burritoSvcTestCase'
2013-07-25 18:33:08,488 [main] DEBUG org.springframework.beans.factory.support.DefaultListableBeanFactory- Creating instance of bean 'burritoSvcTestCase'
2013-07-25 18:33:08,492 [main] DEBUG org.springframework.beans.factory.annotation.InjectionMetadata- Registered injected element on class [com.burritopos.service.test.BurritoSvcImplTestCase]: AutowiredFieldElement for private com.burritopos.service.dao.IBurritoSvc com.burritopos.service.test.BurritoSvcImplTestCase.ics
2013-07-25 18:33:08,492 [main] DEBUG org.springframework.beans.factory.support.DefaultListableBeanFactory- Eagerly caching bean 'burritoSvcTestCase' to allow for resolving potential circular references
2013-07-25 18:33:08,492 [main] TRACE org.springframework.beans.CachedIntrospectionResults- Getting BeanInfo for class [com.burritopos.service.test.BurritoSvcImplTestCase]
2013-07-25 18:33:08,494 [main] TRACE org.springframework.beans.CachedIntrospectionResults- Caching PropertyDescriptors for class [com.burritopos.service.test.BurritoSvcImplTestCase]
2013-07-25 18:33:08,494 [main] TRACE org.springframework.beans.CachedIntrospectionResults- Found bean property 'class' of type [java.lang.Class]
2013-07-25 18:33:08,494 [main] DEBUG org.springframework.beans.factory.annotation.InjectionMetadata- Processing injected method of bean 'burritoSvcTestCase': AutowiredFieldElement for private com.burritopos.service.dao.IBurritoSvc com.burritopos.service.test.BurritoSvcImplTestCase.ics
2013-07-25 18:33:08,495 [main] DEBUG org.springframework.beans.factory.support.DefaultListableBeanFactory- Returning cached instance of singleton bean 'burritoSvc'
2013-07-25 18:33:08,495 [main] DEBUG org.springframework.beans.factory.annotation.AutowiredAnnotationBeanPostProcessor- Autowiring by type from bean name 'burritoSvcTestCase' to bean named 'burritoSvc'
2013-07-25 18:33:08,495 [main] DEBUG org.springframework.beans.factory.support.DefaultListableBeanFactory- Finished creating instance of bean 'burritoSvcTestCase'
2013-07-25 18:33:08,495 [main] DEBUG org.springframework.beans.factory.support.DefaultListableBeanFactory- Creating shared instance of singleton bean 'customerSvcTestCase'
2013-07-25 18:33:08,495 [main] DEBUG org.springframework.beans.factory.support.DefaultListableBeanFactory- Creating instance of bean 'customerSvcTestCase'
2013-07-25 18:33:08,498 [main] DEBUG org.springframework.beans.factory.annotation.InjectionMetadata- Registered injected element on class [com.burritopos.service.test.CustomerSvcImplTestCase]: AutowiredFieldElement for private com.burritopos.service.dao.ICustomerSvc com.burritopos.service.test.CustomerSvcImplTestCase.ics
2013-07-25 18:33:08,498 [main] DEBUG org.springframework.beans.factory.support.DefaultListableBeanFactory- Eagerly caching bean 'customerSvcTestCase' to allow for resolving potential circular references
2013-07-25 18:33:08,499 [main] TRACE org.springframework.beans.CachedIntrospectionResults- Getting BeanInfo for class [com.burritopos.service.test.CustomerSvcImplTestCase]
2013-07-25 18:33:08,501 [main] TRACE org.springframework.beans.CachedIntrospectionResults- Caching PropertyDescriptors for class [com.burritopos.service.test.CustomerSvcImplTestCase]
2013-07-25 18:33:08,501 [main] TRACE org.springframework.beans.CachedIntrospectionResults- Found bean property 'class' of type [java.lang.Class]
2013-07-25 18:33:08,502 [main] DEBUG org.springframework.beans.factory.annotation.InjectionMetadata- Processing injected method of bean 'customerSvcTestCase': AutowiredFieldElement for private com.burritopos.service.dao.ICustomerSvc com.burritopos.service.test.CustomerSvcImplTestCase.ics
2013-07-25 18:33:08,502 [main] DEBUG org.springframework.beans.factory.support.DefaultListableBeanFactory- Returning cached instance of singleton bean 'customerSvc'
2013-07-25 18:33:08,502 [main] DEBUG org.springframework.beans.factory.annotation.AutowiredAnnotationBeanPostProcessor- Autowiring by type from bean name 'customerSvcTestCase' to bean named 'customerSvc'
2013-07-25 18:33:08,502 [main] DEBUG org.springframework.beans.factory.support.DefaultListableBeanFactory- Finished creating instance of bean 'customerSvcTestCase'
2013-07-25 18:33:08,502 [main] DEBUG org.springframework.beans.factory.support.DefaultListableBeanFactory- Creating shared instance of singleton bean 'employeeSvcTestCase'
2013-07-25 18:33:08,502 [main] DEBUG org.springframework.beans.factory.support.DefaultListableBeanFactory- Creating instance of bean 'employeeSvcTestCase'
2013-07-25 18:33:08,505 [main] DEBUG org.springframework.beans.factory.annotation.InjectionMetadata- Registered injected element on class [com.burritopos.service.test.EmployeeSvcImplTestCase]: AutowiredFieldElement for private com.burritopos.service.dao.IEmployeeSvc com.burritopos.service.test.EmployeeSvcImplTestCase.ics
2013-07-25 18:33:08,506 [main] DEBUG org.springframework.beans.factory.support.DefaultListableBeanFactory- Eagerly caching bean 'employeeSvcTestCase' to allow for resolving potential circular references
[...]
2013-07-25 18:33:08,532 [main] TRACE org.springframework.beans.CachedIntrospectionResults- Caching PropertyDescriptors for class [com.burritopos.service.test.OrderSvcImplTestCase]
2013-07-25 18:33:08,532 [main] TRACE org.springframework.beans.CachedIntrospectionResults- Found bean property 'class' of type [java.lang.Class]
2013-07-25 18:33:08,532 [main] DEBUG org.springframework.beans.factory.annotation.InjectionMetadata- Processing injected method of bean 'orderSvcTestCase': AutowiredFieldElement for private com.burritopos.service.dao.IOrderSvc com.burritopos.service.test.OrderSvcImplTestCase.ics
2013-07-25 18:33:08,532 [main] DEBUG org.springframework.beans.factory.support.DefaultListableBeanFactory- Returning cached instance of singleton bean 'orderSvc'
2013-07-25 18:33:08,533 [main] DEBUG org.springframework.beans.factory.annotation.AutowiredAnnotationBeanPostProcessor- Autowiring by type from bean name 'orderSvcTestCase' to bean named 'orderSvc'
2013-07-25 18:33:08,533 [main] DEBUG org.springframework.beans.factory.support.DefaultListableBeanFactory- Finished creating instance of bean 'orderSvcTestCase'
2013-07-25 18:33:08,533 [main] DEBUG org.springframework.beans.factory.support.DefaultListableBeanFactory- Returning cached instance of singleton bean 'org.springframework.context.annotation.ConfigurationClassPostProcessor.importAwareProcessor'
2013-07-25 18:33:08,534 [main] DEBUG org.springframework.context.support.GenericApplicationContext- Unable to locate LifecycleProcessor with name 'lifecycleProcessor': using default [org.springframework.context.support.DefaultLifecycleProcessor@57b6ac25]
2013-07-25 18:33:08,535 [main] DEBUG org.springframework.beans.factory.support.DefaultListableBeanFactory- Returning cached instance of singleton bean 'lifecycleProcessor'
2013-07-25 18:33:08,535 [main] TRACE org.springframework.context.support.GenericApplicationContext- Publishing event in org.springframework.context.support.GenericApplicationContext@380db6a: org.springframework.context.event.ContextRefreshedEvent[source=org.springframework.context.support.GenericApplicationContext@380db6a: startup date [Thu Jul 25 18:33:06 AFT 2013]; root of context hierarchy]
2013-07-25 18:33:08,537 [main] TRACE org.springframework.core.env.PropertySourcesPropertyResolver- getProperty("spring.liveBeansView.mbeanDomain") (implicit targetType [String])
2013-07-25 18:33:08,537 [main] TRACE org.springframework.core.env.PropertySourcesPropertyResolver- getProperty("spring.liveBeansView.mbeanDomain", String)
2013-07-25 18:33:08,537 [main] DEBUG org.springframework.core.env.PropertySourcesPropertyResolver- Searching for key 'spring.liveBeansView.mbeanDomain' in [systemProperties]
2013-07-25 18:33:08,537 [main] DEBUG org.springframework.core.env.PropertySourcesPropertyResolver- Searching for key 'spring.liveBeansView.mbeanDomain' in [systemEnvironment]
2013-07-25 18:33:08,537 [main] TRACE org.springframework.core.env.SystemEnvironmentPropertySource- PropertySource [systemEnvironment] does not contain 'spring.liveBeansView.mbeanDomain'
2013-07-25 18:33:08,537 [main] TRACE org.springframework.core.env.SystemEnvironmentPropertySource- PropertySource [systemEnvironment] does not contain 'spring_liveBeansView_mbeanDomain'
2013-07-25 18:33:08,537 [main] TRACE org.springframework.core.env.SystemEnvironmentPropertySource- PropertySource [systemEnvironment] does not contain 'SPRING.LIVEBEANSVIEW.MBEANDOMAIN'
2013-07-25 18:33:08,538 [main] TRACE org.springframework.core.env.SystemEnvironmentPropertySource- PropertySource [systemEnvironment] does not contain 'SPRING_LIVEBEANSVIEW_MBEANDOMAIN'
2013-07-25 18:33:08,538 [main] DEBUG org.springframework.core.env.PropertySourcesPropertyResolver- Could not find key 'spring.liveBeansView.mbeanDomain' in any property source. Returning [null]
2013-07-25 18:33:08,538 [main] DEBUG org.springframework.test.context.CacheAwareContextLoaderDelegate- Storing ApplicationContext in cache under key [[MergedContextConfiguration@16107cce testClass = BurritoManagerTestCase, locations = '{classpath:applicationContext.xml}', classes = '{}', contextInitializerClasses = '[]', activeProfiles = '{}', contextLoader = 'org.springframework.test.context.support.DelegatingSmartContextLoader', parent = [null]]].
2013-07-25 18:33:08,539 [main] DEBUG org.springframework.beans.factory.annotation.InjectionMetadata- Processing injected method of bean 'com.burritopos.business.test.BurritoManagerTestCase': AutowiredFieldElement for private com.burritopos.business.BurritoManager com.burritopos.business.test.BurritoManagerTestCase.bManager
2013-07-25 18:33:08,539 [main] DEBUG org.springframework.beans.factory.support.DefaultListableBeanFactory- Returning cached instance of singleton bean 'burritoManager'
2013-07-25 18:33:08,541 [main] INFO  com.burritopos.test.BurritoPOSTestCase- *** Starting test: testCreateBurrito() ***
2013-07-25 18:33:08,541 [main] TRACE org.springframework.test.context.TestContextManager- beforeTestMethod(): instance [com.burritopos.business.test.BurritoManagerTestCase@6c3e9c6b], method [public void com.burritopos.business.test.BurritoManagerTestCase.testCreateBurrito() throws java.lang.Exception]
2013-07-25 18:33:08,543 [main] INFO  com.burritopos.test.BurritoPOSTestCase- *** Initializing common resources ***
2013-07-25 18:33:08,544 [main] INFO  com.burritopos.service.dao.mongo.BurritoSvcImpl- Entering method storeBurrito | Burrito ID: 807774
2013-07-25 18:33:08,743 [main] TRACE com.burritopos.service.dao.mongo.BurritoSvcImpl- Finding if burrito exists
2013-07-25 18:33:08,760 [main] TRACE com.burritopos.service.dao.mongo.BurritoSvcImpl- myDoc: null
2013-07-25 18:33:08,760 [main] TRACE com.burritopos.service.dao.mongo.BurritoSvcImpl- Inserting Burrito
2013-07-25 18:33:08,761 [main] INFO  com.burritopos.service.dao.mongo.BurritoSvcImpl- Entering method deleteBurrito | Burrito ID:807774
2013-07-25 18:33:08,766 [main] TRACE com.burritopos.service.dao.mongo.BurritoSvcImpl- Write Result: 1
2013-07-25 18:33:08,767 [main] INFO  com.burritopos.test.BurritoPOSTestCase- *** Cleaning up common resources ***
2013-07-25 18:33:08,767 [main] TRACE org.springframework.test.context.TestContextManager- afterTestMethod(): instance [com.burritopos.business.test.BurritoManagerTestCase@6c3e9c6b], method [public void com.burritopos.business.test.BurritoManagerTestCase.testCreateBurrito() throws java.lang.Exception], exception [null]
2013-07-25 18:33:08,767 [main] DEBUG org.springframework.test.context.support.DirtiesContextTestExecutionListener- After test method: context [[TestContext@28f6c52 testClass = BurritoManagerTestCase, testInstance = com.burritopos.business.test.BurritoManagerTestCase@6c3e9c6b, testMethod = testCreateBurrito@BurritoManagerTestCase, testException = [null], mergedContextConfiguration = [MergedContextConfiguration@16107cce testClass = BurritoManagerTestCase, locations = '{classpath:applicationContext.xml}', classes = '{}', contextInitializerClasses = '[]', activeProfiles = '{}', contextLoader = 'org.springframework.test.context.support.DelegatingSmartContextLoader', parent = [null]]]], class dirties context [false], class mode [null], method dirties context [false].
2013-07-25 18:33:08,769 [main] DEBUG org.springframework.test.annotation.ProfileValueUtils- Retrieved @ProfileValueSourceConfiguration [null] for test class [com.burritopos.business.test.BurritoManagerTestCase]
2013-07-25 18:33:08,770 [main] DEBUG org.springframework.test.annotation.ProfileValueUtils- Retrieved ProfileValueSource type [class org.springframework.test.annotation.SystemProfileValueSource] for class [com.burritopos.business.test.BurritoManagerTestCase]
2013-07-25 18:33:08,771 [main] TRACE org.springframework.test.context.TestContextManager- prepareTestInstance(): instance [com.burritopos.business.test.BurritoManagerTestCase@63ed20be]
2013-07-25 18:33:08,772 [main] DEBUG org.springframework.test.context.support.DependencyInjectionTestExecutionListener- Performing dependency injection for test context [[TestContext@28f6c52 testClass = BurritoManagerTestCase, testInstance = com.burritopos.business.test.BurritoManagerTestCase@63ed20be, testMethod = [null], testException = [null], mergedContextConfiguration = [MergedContextConfiguration@16107cce testClass = BurritoManagerTestCase, locations = '{classpath:applicationContext.xml}', classes = '{}', contextInitializerClasses = '[]', activeProfiles = '{}', contextLoader = 'org.springframework.test.context.support.DelegatingSmartContextLoader', parent = [null]]]].
2013-07-25 18:33:08,772 [main] DEBUG org.springframework.test.context.CacheAwareContextLoaderDelegate- Retrieved ApplicationContext from cache with key [[MergedContextConfiguration@16107cce testClass = BurritoManagerTestCase, locations = '{classpath:applicationContext.xml}', classes = '{}', contextInitializerClasses = '[]', activeProfiles = '{}', contextLoader = 'org.springframework.test.context.support.DelegatingSmartContextLoader', parent = [null]]].
2013-07-25 18:33:08,772 [main] DEBUG org.springframework.beans.factory.annotation.InjectionMetadata- Processing injected method of bean 'com.burritopos.business.test.BurritoManagerTestCase': AutowiredFieldElement for private com.burritopos.business.BurritoManager com.burritopos.business.test.BurritoManagerTestCase.bManager
2013-07-25 18:33:08,772 [main] DEBUG org.springframework.beans.factory.support.DefaultListableBeanFactory- Returning cached instance of singleton bean 'burritoManager'
2013-07-25 18:33:08,772 [main] INFO  com.burritopos.test.BurritoPOSTestCase- *** Starting test: testUpdateBurrito() ***
2013-07-25 18:33:08,772 [main] TRACE org.springframework.test.context.TestContextManager- beforeTestMethod(): instance [com.burritopos.business.test.BurritoManagerTestCase@63ed20be], method [public void com.burritopos.business.test.BurritoManagerTestCase.testUpdateBurrito() throws java.lang.Exception]
2013-07-25 18:33:08,772 [main] INFO  com.burritopos.test.BurritoPOSTestCase- *** Initializing common resources ***
2013-07-25 18:33:08,773 [main] INFO  com.burritopos.service.dao.mongo.BurritoSvcImpl- Entering method storeBurrito | Burrito ID: 925647
2013-07-25 18:33:08,773 [main] TRACE com.burritopos.service.dao.mongo.BurritoSvcImpl- Finding if burrito exists
2013-07-25 18:33:08,778 [main] TRACE com.burritopos.service.dao.mongo.BurritoSvcImpl- myDoc: null
2013-07-25 18:33:08,778 [main] TRACE com.burritopos.service.dao.mongo.BurritoSvcImpl- Inserting Burrito
2013-07-25 18:33:08,779 [main] INFO  com.burritopos.service.dao.mongo.BurritoSvcImpl- Entering method storeBurrito | Burrito ID: 925647
2013-07-25 18:33:08,779 [main] TRACE com.burritopos.service.dao.mongo.BurritoSvcImpl- Finding if burrito exists
2013-07-25 18:33:08,788 [main] TRACE com.burritopos.service.dao.mongo.BurritoSvcImpl- myDoc: { "_id" : { "$oid" : "51f1301cafd913f2bdf59f83"} , "id" : 925647 , "beef" : false , "blackBeans" : false , "brownRice" : false , "chicken" : true , "chiliTortilla" : false , "cucumber" : false , "flourTortilla" : true , "guacamole" : false , "herbGarlicTortilla" : false , "hummus" : false , "jalapenoCheddarTortilla" : false , "jalapenos" : false , "lettuce" : true , "onion" : true , "orderID" :  null  , "pintoBeans" : true , "price" : 0.0 , "salsaPico" : true , "salsaSpecial" : true , "salsaVerde" : false , "tomatoBasilTortilla" : true , "tomatoes" : false , "wheatTortilla" : false , "whiteRice" : true}
2013-07-25 18:33:08,788 [main] TRACE com.burritopos.service.dao.mongo.BurritoSvcImpl- Updating Burrito
2013-07-25 18:33:08,789 [main] TRACE com.burritopos.service.dao.mongo.BurritoSvcImpl- Write Result: 1
2013-07-25 18:33:08,789 [main] INFO  com.burritopos.service.dao.mongo.BurritoSvcImpl- Entering method deleteBurrito | Burrito ID:925647
2013-07-25 18:33:08,794 [main] TRACE com.burritopos.service.dao.mongo.BurritoSvcImpl- Write Result: 1
2013-07-25 18:33:08,794 [main] INFO  com.burritopos.test.BurritoPOSTestCase- *** Cleaning up common resources ***
2013-07-25 18:33:08,795 [main] TRACE org.springframework.test.context.TestContextManager- afterTestMethod(): instance [com.burritopos.business.test.BurritoManagerTestCase@63ed20be], method [public void com.burritopos.business.test.BurritoManagerTestCase.testUpdateBurrito() throws java.lang.Exception], exception [null]
2013-07-25 18:33:08,795 [main] DEBUG org.springframework.test.context.support.DirtiesContextTestExecutionListener- After test method: context [[TestContext@28f6c52 testClass = BurritoManagerTestCase, testInstance = com.burritopos.business.test.BurritoManagerTestCase@63ed20be, testMethod = testUpdateBurrito@BurritoManagerTestCase, testException = [null], mergedContextConfiguration = [MergedContextConfiguration@16107cce testClass = BurritoManagerTestCase, locations = '{classpath:applicationContext.xml}', classes = '{}', contextInitializerClasses = '[]', activeProfiles = '{}', contextLoader = 'org.springframework.test.context.support.DelegatingSmartContextLoader', parent = [null]]]], class dirties context [false], class mode [null], method dirties context [false].
2013-07-25 18:33:08,795 [main] DEBUG org.springframework.test.annotation.ProfileValueUtils- Retrieved @ProfileValueSourceConfiguration [null] for test class [com.burritopos.business.test.BurritoManagerTestCase]
2013-07-25 18:33:08,795 [main] DEBUG org.springframework.test.annotation.ProfileValueUtils- Retrieved ProfileValueSource type [class org.springframework.test.annotation.SystemProfileValueSource] for class [com.burritopos.business.test.BurritoManagerTestCase]
2013-07-25 18:33:08,797 [main] TRACE org.springframework.test.context.TestContextManager- prepareTestInstance(): instance [com.burritopos.business.test.BurritoManagerTestCase@670ba4ad]
2013-07-25 18:33:08,797 [main] DEBUG org.springframework.test.context.support.DependencyInjectionTestExecutionListener- Performing dependency injection for test context [[TestContext@28f6c52 testClass = BurritoManagerTestCase, testInstance = com.burritopos.business.test.BurritoManagerTestCase@670ba4ad, testMethod = [null], testException = [null], mergedContextConfiguration = [MergedContextConfiguration@16107cce testClass = BurritoManagerTestCase, locations = '{classpath:applicationContext.xml}', classes = '{}', contextInitializerClasses = '[]', activeProfiles = '{}', contextLoader = 'org.springframework.test.context.support.DelegatingSmartContextLoader', parent = [null]]]].
2013-07-25 18:33:08,797 [main] DEBUG org.springframework.test.context.CacheAwareContextLoaderDelegate- Retrieved ApplicationContext from cache with key [[MergedContextConfiguration@16107cce testClass = BurritoManagerTestCase, locations = '{classpath:applicationContext.xml}', classes = '{}', contextInitializerClasses = '[]', activeProfiles = '{}', contextLoader = 'org.springframework.test.context.support.DelegatingSmartContextLoader', parent = [null]]].
2013-07-25 18:33:08,798 [main] DEBUG org.springframework.beans.factory.annotation.InjectionMetadata- Processing injected method of bean 'com.burritopos.business.test.BurritoManagerTestCase': AutowiredFieldElement for private com.burritopos.business.BurritoManager com.burritopos.business.test.BurritoManagerTestCase.bManager
2013-07-25 18:33:08,798 [main] DEBUG org.springframework.beans.factory.support.DefaultListableBeanFactory- Returning cached instance of singleton bean 'burritoManager'
2013-07-25 18:33:08,798 [main] INFO  com.burritopos.test.BurritoPOSTestCase- *** Starting test: testCalculatePrice() ***
2013-07-25 18:33:08,798 [main] TRACE org.springframework.test.context.TestContextManager- beforeTestMethod(): instance [com.burritopos.business.test.BurritoManagerTestCase@670ba4ad], method [public void com.burritopos.business.test.BurritoManagerTestCase.testCalculatePrice() throws java.lang.Exception]
2013-07-25 18:33:08,798 [main] INFO  com.burritopos.test.BurritoPOSTestCase- *** Initializing common resources ***
2013-07-25 18:33:08,798 [main] INFO  com.burritopos.service.dao.mongo.BurritoSvcImpl- Entering method storeBurrito | Burrito ID: 920521
2013-07-25 18:33:08,799 [main] TRACE com.burritopos.service.dao.mongo.BurritoSvcImpl- Finding if burrito exists
2013-07-25 18:33:08,804 [main] TRACE com.burritopos.service.dao.mongo.BurritoSvcImpl- myDoc: null
2013-07-25 18:33:08,804 [main] TRACE com.burritopos.service.dao.mongo.BurritoSvcImpl- Inserting Burrito
2013-07-25 18:33:08,809 [main] TRACE com.burritopos.business.Prices- Got 9 price categories
2013-07-25 18:33:08,809 [main] INFO  com.burritopos.business.Prices- Got 6.00 from prices.txt file for name: ChickenBurrito
2013-07-25 18:33:08,812 [main] TRACE com.burritopos.business.Prices- Got 9 price categories
2013-07-25 18:33:08,812 [main] INFO  com.burritopos.business.Prices- Got 0.50 from prices.txt file for name: ExtraBeans
2013-07-25 18:33:08,814 [main] TRACE com.burritopos.business.Prices- Got 9 price categories
2013-07-25 18:33:08,814 [main] INFO  com.burritopos.business.Prices- Got 0.50 from prices.txt file for name: FlavoredTortilla
2013-07-25 18:33:08,815 [main] TRACE com.burritopos.business.Prices- Got 9 price categories
2013-07-25 18:33:08,815 [main] INFO  com.burritopos.business.Prices- Got 0.50 from prices.txt file for name: ExtraBeans
2013-07-25 18:33:08,817 [main] TRACE com.burritopos.business.Prices- Got 9 price categories
2013-07-25 18:33:08,817 [main] INFO  com.burritopos.business.Prices- Got 1.00 from prices.txt file for name: Guacamole
2013-07-25 18:33:08,817 [main] INFO  com.burritopos.service.dao.mongo.BurritoSvcImpl- Entering method deleteBurrito | Burrito ID:920521
2013-07-25 18:33:08,823 [main] TRACE com.burritopos.service.dao.mongo.BurritoSvcImpl- Write Result: 1
2013-07-25 18:33:08,823 [main] INFO  com.burritopos.test.BurritoPOSTestCase- *** Cleaning up common resources ***
2013-07-25 18:33:08,823 [main] TRACE org.springframework.test.context.TestContextManager- afterTestMethod(): instance [com.burritopos.business.test.BurritoManagerTestCase@670ba4ad], method [public void com.burritopos.business.test.BurritoManagerTestCase.testCalculatePrice() throws java.lang.Exception], exception [null]
2013-07-25 18:33:08,824 [main] DEBUG org.springframework.test.context.support.DirtiesContextTestExecutionListener- After test method: context [[TestContext@28f6c52 testClass = BurritoManagerTestCase, testInstance = com.burritopos.business.test.BurritoManagerTestCase@670ba4ad, testMethod = testCalculatePrice@BurritoManagerTestCase, testException = [null], mergedContextConfiguration = [MergedContextConfiguration@16107cce testClass = BurritoManagerTestCase, locations = '{classpath:applicationContext.xml}', classes = '{}', contextInitializerClasses = '[]', activeProfiles = '{}', contextLoader = 'org.springframework.test.context.support.DelegatingSmartContextLoader', parent = [null]]]], class dirties context [false], class mode [null], method dirties context [false].
2013-07-25 18:33:08,824 [main] TRACE org.springframework.test.context.TestContextManager- afterTestClass(): class [class com.burritopos.business.test.BurritoManagerTestCase]
2013-07-25 18:33:08,824 [main] DEBUG org.springframework.test.context.support.DirtiesContextTestExecutionListener- After test class: context [[TestContext@28f6c52 testClass = BurritoManagerTestCase, testInstance = [null], testMethod = [null], testException = [null], mergedContextConfiguration = [MergedContextConfiguration@16107cce testClass = BurritoManagerTestCase, locations = '{classpath:applicationContext.xml}', classes = '{}', contextInitializerClasses = '[]', activeProfiles = '{}', contextLoader = 'org.springframework.test.context.support.DelegatingSmartContextLoader', parent = [null]]]], dirtiesContext [false].
]]></system-out>
  <system-err><![CDATA[log4j:WARN No appenders could be found for logger (org.springframework.test.context.junit4.SpringJUnit4ClassRunner).
log4j:WARN Please initialize the log4j system properly.
log4j:WARN See http://logging.apache.org/log4j/1.2/faq.html#noconfig for more info.
]]></system-err>
</testsuite>
